{"/Users/prabuv/MentalHealthProject/backend-initial/cdk/cdk.out/asset.8f4e9295b66feb5f7046aac8ce82b7166d6ef93ba0d7aafe2acb6ddff359ac50/src/config.ts": {"path":"/Users/prabuv/MentalHealthProject/backend-initial/cdk/cdk.out/asset.8f4e9295b66feb5f7046aac8ce82b7166d6ef93ba0d7aafe2acb6ddff359ac50/src/config.ts","statementMap":{"0":{"start":{"line":1,"column":0},"end":{"line":1,"column":58}},"1":{"start":{"line":2,"column":0},"end":{"line":2,"column":63}},"2":{"start":{"line":4,"column":33},"end":{"line":15,"column":1}},"3":{"start":{"line":5,"column":17},"end":{"line":12,"column":4}},"4":{"start":{"line":14,"column":2},"end":{"line":14,"column":45}},"5":{"start":{"line":4,"column":13},"end":{"line":4,"column":33}}},"fnMap":{"0":{"name":"(anonymous_0)","decl":{"start":{"line":4,"column":33},"end":{"line":4,"column":36}},"loc":{"start":{"line":4,"column":38},"end":{"line":15,"column":1}}}},"branchMap":{"0":{"loc":{"start":{"line":7,"column":12},"end":{"line":7,"column":49}},"type":"binary-expr","locations":[{"start":{"line":7,"column":12},"end":{"line":7,"column":34}},{"start":{"line":7,"column":38},"end":{"line":7,"column":49}}]},"1":{"loc":{"start":{"line":9,"column":19},"end":{"line":9,"column":59}},"type":"binary-expr","locations":[{"start":{"line":9,"column":19},"end":{"line":9,"column":48}},{"start":{"line":9,"column":52},"end":{"line":9,"column":59}}]},"2":{"loc":{"start":{"line":10,"column":23},"end":{"line":10,"column":67}},"type":"binary-expr","locations":[{"start":{"line":10,"column":23},"end":{"line":10,"column":56}},{"start":{"line":10,"column":60},"end":{"line":10,"column":67}}]}},"s":{"0":3,"1":3,"2":3,"3":3,"4":3,"5":3},"f":{"0":3},"b":{"0":[3,0],"1":[3,0],"2":[3,0]}}
,"/Users/prabuv/MentalHealthProject/backend-initial/cdk/cdk.out/asset.8f4e9295b66feb5f7046aac8ce82b7166d6ef93ba0d7aafe2acb6ddff359ac50/src/handler.ts": {"path":"/Users/prabuv/MentalHealthProject/backend-initial/cdk/cdk.out/asset.8f4e9295b66feb5f7046aac8ce82b7166d6ef93ba0d7aafe2acb6ddff359ac50/src/handler.ts","statementMap":{"0":{"start":{"line":2,"column":0},"end":{"line":2,"column":null}},"1":{"start":{"line":10,"column":0},"end":{"line":10,"column":45}},"2":{"start":{"line":11,"column":0},"end":{"line":11,"column":35}},"3":{"start":{"line":12,"column":0},"end":{"line":12,"column":36}},"4":{"start":{"line":13,"column":0},"end":{"line":13,"column":36}},"5":{"start":{"line":15,"column":14},"end":{"line":15,"column":59}},"6":{"start":{"line":16,"column":19},"end":{"line":16,"column":57}},"7":{"start":{"line":18,"column":12},"end":{"line":18,"column":31}},"8":{"start":{"line":21,"column":0},"end":{"line":23,"column":1}},"9":{"start":{"line":22,"column":2},"end":{"line":22,"column":79}},"10":{"start":{"line":26,"column":2},"end":{"line":30,"column":4}},"11":{"start":{"line":34,"column":15},"end":{"line":34,"column":76}},"12":{"start":{"line":35,"column":2},"end":{"line":35,"column":25}},"13":{"start":{"line":35,"column":13},"end":{"line":35,"column":25}},"14":{"start":{"line":36,"column":16},"end":{"line":36,"column":46}},"15":{"start":{"line":37,"column":2},"end":{"line":37,"column":26}},"16":{"start":{"line":37,"column":14},"end":{"line":37,"column":26}},"17":{"start":{"line":38,"column":2},"end":{"line":42,"column":3}},"18":{"start":{"line":39,"column":4},"end":{"line":39,"column":51}},"19":{"start":{"line":41,"column":4},"end":{"line":41,"column":16}},"20":{"start":{"line":45,"column":23},"end":{"line":221,"column":1}},"21":{"start":{"line":46,"column":15},"end":{"line":46,"column":79}},"22":{"start":{"line":47,"column":17},"end":{"line":47,"column":136}},"23":{"start":{"line":48,"column":2},"end":{"line":220,"column":3}},"24":{"start":{"line":49,"column":4},"end":{"line":82,"column":5}},"25":{"start":{"line":50,"column":19},"end":{"line":50,"column":59}},"26":{"start":{"line":51,"column":55},"end":{"line":51,"column":59}},"27":{"start":{"line":52,"column":6},"end":{"line":52,"column":100}},"28":{"start":{"line":52,"column":31},"end":{"line":52,"column":100}},"29":{"start":{"line":54,"column":16},"end":{"line":59,"column":9}},"30":{"start":{"line":61,"column":6},"end":{"line":63,"column":7}},"31":{"start":{"line":62,"column":8},"end":{"line":62,"column":74}},"32":{"start":{"line":65,"column":21},"end":{"line":65,"column":49}},"33":{"start":{"line":66,"column":24},"end":{"line":66,"column":32}},"34":{"start":{"line":67,"column":18},"end":{"line":67,"column":42}},"35":{"start":{"line":68,"column":19},"end":{"line":78,"column":8}},"36":{"start":{"line":79,"column":6},"end":{"line":79,"column":71}},"37":{"start":{"line":80,"column":20},"end":{"line":80,"column":100}},"38":{"start":{"line":81,"column":6},"end":{"line":81,"column":53}},"39":{"start":{"line":84,"column":4},"end":{"line":104,"column":5}},"40":{"start":{"line":85,"column":19},"end":{"line":85,"column":59}},"41":{"start":{"line":86,"column":34},"end":{"line":86,"column":38}},"42":{"start":{"line":87,"column":6},"end":{"line":87,"column":100}},"43":{"start":{"line":87,"column":31},"end":{"line":87,"column":100}},"44":{"start":{"line":89,"column":16},"end":{"line":94,"column":9}},"45":{"start":{"line":96,"column":19},"end":{"line":96,"column":37}},"46":{"start":{"line":97,"column":6},"end":{"line":97,"column":78}},"47":{"start":{"line":97,"column":17},"end":{"line":97,"column":78}},"48":{"start":{"line":99,"column":17},"end":{"line":99,"column":60}},"49":{"start":{"line":100,"column":6},"end":{"line":100,"column":76}},"50":{"start":{"line":100,"column":15},"end":{"line":100,"column":76}},"51":{"start":{"line":102,"column":20},"end":{"line":102,"column":141}},"52":{"start":{"line":103,"column":6},"end":{"line":103,"column":69}},"53":{"start":{"line":106,"column":4},"end":{"line":111,"column":5}},"54":{"start":{"line":107,"column":19},"end":{"line":107,"column":36}},"55":{"start":{"line":108,"column":6},"end":{"line":108,"column":98}},"56":{"start":{"line":108,"column":42},"end":{"line":108,"column":98}},"57":{"start":{"line":109,"column":16},"end":{"line":109,"column":69}},"58":{"start":{"line":110,"column":6},"end":{"line":110,"column":57}},"59":{"start":{"line":113,"column":4},"end":{"line":126,"column":5}},"60":{"start":{"line":114,"column":19},"end":{"line":114,"column":36}},"61":{"start":{"line":115,"column":6},"end":{"line":115,"column":98}},"62":{"start":{"line":115,"column":42},"end":{"line":115,"column":98}},"63":{"start":{"line":116,"column":19},"end":{"line":116,"column":59}},"64":{"start":{"line":117,"column":17},"end":{"line":117,"column":25}},"65":{"start":{"line":118,"column":18},"end":{"line":118,"column":42}},"66":{"start":{"line":119,"column":19},"end":{"line":123,"column":8}},"67":{"start":{"line":124,"column":6},"end":{"line":124,"column":71}},"68":{"start":{"line":125,"column":6},"end":{"line":125,"column":50}},"69":{"start":{"line":128,"column":4},"end":{"line":138,"column":5}},"70":{"start":{"line":129,"column":20},"end":{"line":129,"column":64}},"71":{"start":{"line":130,"column":6},"end":{"line":130,"column":86}},"72":{"start":{"line":130,"column":18},"end":{"line":130,"column":86}},"73":{"start":{"line":131,"column":16},"end":{"line":136,"column":9}},"74":{"start":{"line":137,"column":6},"end":{"line":137,"column":57}},"75":{"start":{"line":140,"column":27},"end":{"line":140,"column":70}},"76":{"start":{"line":141,"column":4},"end":{"line":214,"column":5}},"77":{"start":{"line":142,"column":18},"end":{"line":142,"column":55}},"78":{"start":{"line":143,"column":18},"end":{"line":143,"column":41}},"79":{"start":{"line":145,"column":6},"end":{"line":151,"column":7}},"80":{"start":{"line":146,"column":18},"end":{"line":146,"column":95}},"81":{"start":{"line":147,"column":8},"end":{"line":147,"column":72}},"82":{"start":{"line":147,"column":21},"end":{"line":147,"column":72}},"83":{"start":{"line":148,"column":21},"end":{"line":148,"column":34}},"84":{"start":{"line":149,"column":8},"end":{"line":149,"column":29}},"85":{"start":{"line":150,"column":8},"end":{"line":150,"column":39}},"86":{"start":{"line":153,"column":6},"end":{"line":179,"column":7}},"87":{"start":{"line":154,"column":21},"end":{"line":154,"column":38}},"88":{"start":{"line":155,"column":8},"end":{"line":155,"column":74}},"89":{"start":{"line":155,"column":19},"end":{"line":155,"column":74}},"90":{"start":{"line":156,"column":21},"end":{"line":156,"column":61}},"91":{"start":{"line":157,"column":28},"end":{"line":157,"column":30}},"92":{"start":{"line":158,"column":30},"end":{"line":158,"column":32}},"93":{"start":{"line":159,"column":31},"end":{"line":159,"column":33}},"94":{"start":{"line":160,"column":16},"end":{"line":160,"column":17}},"95":{"start":{"line":161,"column":8},"end":{"line":168,"column":9}},"96":{"start":{"line":162,"column":10},"end":{"line":162,"column":14}},"97":{"start":{"line":163,"column":26},"end":{"line":163,"column":34}},"98":{"start":{"line":164,"column":25},"end":{"line":164,"column":33}},"99":{"start":{"line":165,"column":10},"end":{"line":165,"column":53}},"100":{"start":{"line":166,"column":10},"end":{"line":166,"column":33}},"101":{"start":{"line":167,"column":10},"end":{"line":167,"column":37}},"102":{"start":{"line":169,"column":8},"end":{"line":169,"column":99}},"103":{"start":{"line":169,"column":38},"end":{"line":169,"column":99}},"104":{"start":{"line":170,"column":27},"end":{"line":170,"column":58}},"105":{"start":{"line":171,"column":8},"end":{"line":177,"column":12}},"106":{"start":{"line":178,"column":8},"end":{"line":178,"column":57}},"107":{"start":{"line":181,"column":6},"end":{"line":186,"column":7}},"108":{"start":{"line":182,"column":21},"end":{"line":182,"column":38}},"109":{"start":{"line":183,"column":8},"end":{"line":183,"column":100}},"110":{"start":{"line":183,"column":44},"end":{"line":183,"column":100}},"111":{"start":{"line":184,"column":8},"end":{"line":184,"column":89}},"112":{"start":{"line":185,"column":8},"end":{"line":185,"column":57}},"113":{"start":{"line":188,"column":6},"end":{"line":192,"column":7}},"114":{"start":{"line":189,"column":18},"end":{"line":189,"column":95}},"115":{"start":{"line":190,"column":8},"end":{"line":190,"column":72}},"116":{"start":{"line":190,"column":21},"end":{"line":190,"column":72}},"117":{"start":{"line":191,"column":8},"end":{"line":191,"column":66}},"118":{"start":{"line":194,"column":6},"end":{"line":213,"column":7}},"119":{"start":{"line":195,"column":21},"end":{"line":195,"column":38}},"120":{"start":{"line":196,"column":8},"end":{"line":196,"column":74}},"121":{"start":{"line":196,"column":19},"end":{"line":196,"column":74}},"122":{"start":{"line":197,"column":21},"end":{"line":197,"column":61}},"123":{"start":{"line":198,"column":23},"end":{"line":202,"column":10}},"124":{"start":{"line":203,"column":8},"end":{"line":211,"column":12}},"125":{"start":{"line":212,"column":8},"end":{"line":212,"column":45}},"126":{"start":{"line":216,"column":4},"end":{"line":216,"column":61}},"127":{"start":{"line":218,"column":4},"end":{"line":218,"column":41}},"128":{"start":{"line":219,"column":4},"end":{"line":219,"column":87}},"129":{"start":{"line":45,"column":13},"end":{"line":45,"column":23}}},"fnMap":{"0":{"name":"jsonResponse","decl":{"start":{"line":25,"column":9},"end":{"line":25,"column":21}},"loc":{"start":{"line":25,"column":51},"end":{"line":31,"column":1}}},"1":{"name":"verifyAuth","decl":{"start":{"line":33,"column":9},"end":{"line":33,"column":19}},"loc":{"start":{"line":33,"column":49},"end":{"line":43,"column":1}}},"2":{"name":"(anonymous_2)","decl":{"start":{"line":45,"column":23},"end":{"line":45,"column":28}},"loc":{"start":{"line":45,"column":97},"end":{"line":221,"column":1}}}},"branchMap":{"0":{"loc":{"start":{"line":15,"column":14},"end":{"line":15,"column":59}},"type":"binary-expr","locations":[{"start":{"line":15,"column":14},"end":{"line":15,"column":40}},{"start":{"line":15,"column":44},"end":{"line":15,"column":59}}]},"1":{"loc":{"start":{"line":16,"column":19},"end":{"line":16,"column":57}},"type":"binary-expr","locations":[{"start":{"line":16,"column":19},"end":{"line":16,"column":41}},{"start":{"line":16,"column":45},"end":{"line":16,"column":57}}]},"2":{"loc":{"start":{"line":21,"column":0},"end":{"line":23,"column":1}},"type":"if","locations":[{"start":{"line":21,"column":0},"end":{"line":23,"column":1}}]},"3":{"loc":{"start":{"line":34,"column":15},"end":{"line":34,"column":76}},"type":"binary-expr","locations":[{"start":{"line":34,"column":15},"end":{"line":34,"column":43}},{"start":{"line":34,"column":47},"end":{"line":34,"column":75}}]},"4":{"loc":{"start":{"line":34,"column":15},"end":{"line":34,"column":43}},"type":"cond-expr","locations":[{"start":{"line":34,"column":28},"end":{"line":34,"column":30}},{"start":{"line":34,"column":28},"end":{"line":34,"column":43}}]},"5":{"loc":{"start":{"line":34,"column":15},"end":{"line":34,"column":30}},"type":"binary-expr","locations":[{"start":{"line":34,"column":15},"end":{"line":34,"column":30}},{"start":{"line":34,"column":28},"end":{"line":34,"column":30}}]},"6":{"loc":{"start":{"line":34,"column":47},"end":{"line":34,"column":75}},"type":"cond-expr","locations":[{"start":{"line":34,"column":60},"end":{"line":34,"column":62}},{"start":{"line":34,"column":60},"end":{"line":34,"column":75}}]},"7":{"loc":{"start":{"line":34,"column":47},"end":{"line":34,"column":62}},"type":"binary-expr","locations":[{"start":{"line":34,"column":47},"end":{"line":34,"column":62}},{"start":{"line":34,"column":60},"end":{"line":34,"column":62}}]},"8":{"loc":{"start":{"line":35,"column":2},"end":{"line":35,"column":25}},"type":"if","locations":[{"start":{"line":35,"column":2},"end":{"line":35,"column":25}}]},"9":{"loc":{"start":{"line":37,"column":2},"end":{"line":37,"column":26}},"type":"if","locations":[{"start":{"line":37,"column":2},"end":{"line":37,"column":26}}]},"10":{"loc":{"start":{"line":46,"column":15},"end":{"line":46,"column":79}},"type":"binary-expr","locations":[{"start":{"line":46,"column":15},"end":{"line":46,"column":28}},{"start":{"line":46,"column":32},"end":{"line":46,"column":72}},{"start":{"line":46,"column":76},"end":{"line":46,"column":79}}]},"11":{"loc":{"start":{"line":46,"column":32},"end":{"line":46,"column":72}},"type":"cond-expr","locations":[{"start":{"line":46,"column":66},"end":{"line":46,"column":68}},{"start":{"line":46,"column":66},"end":{"line":46,"column":72}}]},"12":{"loc":{"start":{"line":46,"column":32},"end":{"line":46,"column":68}},"type":"binary-expr","locations":[{"start":{"line":46,"column":32},"end":{"line":46,"column":68}},{"start":{"line":46,"column":66},"end":{"line":46,"column":68}}]},"13":{"loc":{"start":{"line":47,"column":17},"end":{"line":47,"column":136}},"type":"binary-expr","locations":[{"start":{"line":47,"column":17},"end":{"line":47,"column":59}},{"start":{"line":47,"column":63},"end":{"line":47,"column":97}},{"start":{"line":47,"column":101},"end":{"line":47,"column":135}}]},"14":{"loc":{"start":{"line":47,"column":17},"end":{"line":47,"column":59}},"type":"cond-expr","locations":[{"start":{"line":47,"column":51},"end":{"line":47,"column":53}},{"start":{"line":47,"column":51},"end":{"line":47,"column":59}}]},"15":{"loc":{"start":{"line":47,"column":17},"end":{"line":47,"column":53}},"type":"binary-expr","locations":[{"start":{"line":47,"column":17},"end":{"line":47,"column":53}},{"start":{"line":47,"column":51},"end":{"line":47,"column":53}}]},"16":{"loc":{"start":{"line":47,"column":63},"end":{"line":47,"column":97}},"type":"cond-expr","locations":[{"start":{"line":47,"column":89},"end":{"line":47,"column":91}},{"start":{"line":47,"column":89},"end":{"line":47,"column":97}}]},"17":{"loc":{"start":{"line":47,"column":63},"end":{"line":47,"column":91}},"type":"binary-expr","locations":[{"start":{"line":47,"column":63},"end":{"line":47,"column":91}},{"start":{"line":47,"column":89},"end":{"line":47,"column":91}}]},"18":{"loc":{"start":{"line":47,"column":63},"end":{"line":47,"column":89}},"type":"cond-expr","locations":[{"start":{"line":47,"column":83},"end":{"line":47,"column":85}},{"start":{"line":47,"column":83},"end":{"line":47,"column":89}}]},"19":{"loc":{"start":{"line":47,"column":63},"end":{"line":47,"column":85}},"type":"binary-expr","locations":[{"start":{"line":47,"column":63},"end":{"line":47,"column":85}},{"start":{"line":47,"column":83},"end":{"line":47,"column":85}}]},"20":{"loc":{"start":{"line":47,"column":101},"end":{"line":47,"column":135}},"type":"cond-expr","locations":[{"start":{"line":47,"column":127},"end":{"line":47,"column":129}},{"start":{"line":47,"column":127},"end":{"line":47,"column":135}}]},"21":{"loc":{"start":{"line":47,"column":101},"end":{"line":47,"column":129}},"type":"binary-expr","locations":[{"start":{"line":47,"column":101},"end":{"line":47,"column":129}},{"start":{"line":47,"column":127},"end":{"line":47,"column":129}}]},"22":{"loc":{"start":{"line":47,"column":101},"end":{"line":47,"column":127}},"type":"cond-expr","locations":[{"start":{"line":47,"column":121},"end":{"line":47,"column":123}},{"start":{"line":47,"column":121},"end":{"line":47,"column":127}}]},"23":{"loc":{"start":{"line":47,"column":101},"end":{"line":47,"column":123}},"type":"binary-expr","locations":[{"start":{"line":47,"column":101},"end":{"line":47,"column":123}},{"start":{"line":47,"column":121},"end":{"line":47,"column":123}}]},"24":{"loc":{"start":{"line":49,"column":4},"end":{"line":82,"column":5}},"type":"if","locations":[{"start":{"line":49,"column":4},"end":{"line":82,"column":5}}]},"25":{"loc":{"start":{"line":49,"column":8},"end":{"line":49,"column":52}},"type":"binary-expr","locations":[{"start":{"line":49,"column":8},"end":{"line":49,"column":31}},{"start":{"line":49,"column":35},"end":{"line":49,"column":52}}]},"26":{"loc":{"start":{"line":50,"column":19},"end":{"line":50,"column":59}},"type":"cond-expr","locations":[{"start":{"line":50,"column":32},"end":{"line":50,"column":54}},{"start":{"line":50,"column":57},"end":{"line":50,"column":59}}]},"27":{"loc":{"start":{"line":52,"column":6},"end":{"line":52,"column":100}},"type":"if","locations":[{"start":{"line":52,"column":6},"end":{"line":52,"column":100}}]},"28":{"loc":{"start":{"line":52,"column":10},"end":{"line":52,"column":29}},"type":"binary-expr","locations":[{"start":{"line":52,"column":10},"end":{"line":52,"column":16}},{"start":{"line":52,"column":20},"end":{"line":52,"column":29}}]},"29":{"loc":{"start":{"line":61,"column":6},"end":{"line":63,"column":7}},"type":"if","locations":[{"start":{"line":61,"column":6},"end":{"line":63,"column":7}}]},"30":{"loc":{"start":{"line":61,"column":11},"end":{"line":61,"column":24}},"type":"binary-expr","locations":[{"start":{"line":61,"column":11},"end":{"line":61,"column":18}},{"start":{"line":61,"column":22},"end":{"line":61,"column":24}}]},"31":{"loc":{"start":{"line":72,"column":19},"end":{"line":72,"column":34}},"type":"binary-expr","locations":[{"start":{"line":72,"column":19},"end":{"line":72,"column":28}},{"start":{"line":72,"column":32},"end":{"line":72,"column":34}}]},"32":{"loc":{"start":{"line":73,"column":18},"end":{"line":73,"column":32}},"type":"binary-expr","locations":[{"start":{"line":73,"column":18},"end":{"line":73,"column":26}},{"start":{"line":73,"column":30},"end":{"line":73,"column":32}}]},"33":{"loc":{"start":{"line":84,"column":4},"end":{"line":104,"column":5}},"type":"if","locations":[{"start":{"line":84,"column":4},"end":{"line":104,"column":5}}]},"34":{"loc":{"start":{"line":84,"column":8},"end":{"line":84,"column":51}},"type":"binary-expr","locations":[{"start":{"line":84,"column":8},"end":{"line":84,"column":30}},{"start":{"line":84,"column":34},"end":{"line":84,"column":51}}]},"35":{"loc":{"start":{"line":85,"column":19},"end":{"line":85,"column":59}},"type":"cond-expr","locations":[{"start":{"line":85,"column":32},"end":{"line":85,"column":54}},{"start":{"line":85,"column":57},"end":{"line":85,"column":59}}]},"36":{"loc":{"start":{"line":87,"column":6},"end":{"line":87,"column":100}},"type":"if","locations":[{"start":{"line":87,"column":6},"end":{"line":87,"column":100}}]},"37":{"loc":{"start":{"line":87,"column":10},"end":{"line":87,"column":29}},"type":"binary-expr","locations":[{"start":{"line":87,"column":10},"end":{"line":87,"column":16}},{"start":{"line":87,"column":20},"end":{"line":87,"column":29}}]},"38":{"loc":{"start":{"line":96,"column":20},"end":{"line":96,"column":33}},"type":"binary-expr","locations":[{"start":{"line":96,"column":20},"end":{"line":96,"column":27}},{"start":{"line":96,"column":31},"end":{"line":96,"column":33}}]},"39":{"loc":{"start":{"line":97,"column":6},"end":{"line":97,"column":78}},"type":"if","locations":[{"start":{"line":97,"column":6},"end":{"line":97,"column":78}}]},"40":{"loc":{"start":{"line":100,"column":6},"end":{"line":100,"column":76}},"type":"if","locations":[{"start":{"line":100,"column":6},"end":{"line":100,"column":76}}]},"41":{"loc":{"start":{"line":102,"column":83},"end":{"line":102,"column":105}},"type":"binary-expr","locations":[{"start":{"line":102,"column":83},"end":{"line":102,"column":92}},{"start":{"line":102,"column":96},"end":{"line":102,"column":105}}]},"42":{"loc":{"start":{"line":106,"column":4},"end":{"line":111,"column":5}},"type":"if","locations":[{"start":{"line":106,"column":4},"end":{"line":111,"column":5}}]},"43":{"loc":{"start":{"line":106,"column":8},"end":{"line":106,"column":48}},"type":"binary-expr","locations":[{"start":{"line":106,"column":8},"end":{"line":106,"column":28}},{"start":{"line":106,"column":32},"end":{"line":106,"column":48}}]},"44":{"loc":{"start":{"line":108,"column":6},"end":{"line":108,"column":98}},"type":"if","locations":[{"start":{"line":108,"column":6},"end":{"line":108,"column":98}}]},"45":{"loc":{"start":{"line":108,"column":10},"end":{"line":108,"column":40}},"type":"binary-expr","locations":[{"start":{"line":108,"column":10},"end":{"line":108,"column":15}},{"start":{"line":108,"column":19},"end":{"line":108,"column":40}}]},"46":{"loc":{"start":{"line":110,"column":40},"end":{"line":110,"column":53}},"type":"binary-expr","locations":[{"start":{"line":110,"column":40},"end":{"line":110,"column":47}},{"start":{"line":110,"column":51},"end":{"line":110,"column":53}}]},"47":{"loc":{"start":{"line":113,"column":4},"end":{"line":126,"column":5}},"type":"if","locations":[{"start":{"line":113,"column":4},"end":{"line":126,"column":5}}]},"48":{"loc":{"start":{"line":113,"column":8},"end":{"line":113,"column":49}},"type":"binary-expr","locations":[{"start":{"line":113,"column":8},"end":{"line":113,"column":28}},{"start":{"line":113,"column":32},"end":{"line":113,"column":49}}]},"49":{"loc":{"start":{"line":115,"column":6},"end":{"line":115,"column":98}},"type":"if","locations":[{"start":{"line":115,"column":6},"end":{"line":115,"column":98}}]},"50":{"loc":{"start":{"line":115,"column":10},"end":{"line":115,"column":40}},"type":"binary-expr","locations":[{"start":{"line":115,"column":10},"end":{"line":115,"column":15}},{"start":{"line":115,"column":19},"end":{"line":115,"column":40}}]},"51":{"loc":{"start":{"line":116,"column":19},"end":{"line":116,"column":59}},"type":"cond-expr","locations":[{"start":{"line":116,"column":32},"end":{"line":116,"column":54}},{"start":{"line":116,"column":57},"end":{"line":116,"column":59}}]},"52":{"loc":{"start":{"line":128,"column":4},"end":{"line":138,"column":5}},"type":"if","locations":[{"start":{"line":128,"column":4},"end":{"line":138,"column":5}}]},"53":{"loc":{"start":{"line":128,"column":8},"end":{"line":128,"column":57}},"type":"binary-expr","locations":[{"start":{"line":128,"column":8},"end":{"line":128,"column":37}},{"start":{"line":128,"column":41},"end":{"line":128,"column":57}}]},"54":{"loc":{"start":{"line":129,"column":21},"end":{"line":129,"column":54}},"type":"binary-expr","locations":[{"start":{"line":129,"column":21},"end":{"line":129,"column":48}},{"start":{"line":129,"column":52},"end":{"line":129,"column":54}}]},"55":{"loc":{"start":{"line":130,"column":6},"end":{"line":130,"column":86}},"type":"if","locations":[{"start":{"line":130,"column":6},"end":{"line":130,"column":86}}]},"56":{"loc":{"start":{"line":137,"column":40},"end":{"line":137,"column":53}},"type":"binary-expr","locations":[{"start":{"line":137,"column":40},"end":{"line":137,"column":47}},{"start":{"line":137,"column":51},"end":{"line":137,"column":53}}]},"57":{"loc":{"start":{"line":141,"column":4},"end":{"line":214,"column":5}},"type":"if","locations":[{"start":{"line":141,"column":4},"end":{"line":214,"column":5}}]},"58":{"loc":{"start":{"line":143,"column":18},"end":{"line":143,"column":41}},"type":"binary-expr","locations":[{"start":{"line":143,"column":18},"end":{"line":143,"column":35}},{"start":{"line":143,"column":39},"end":{"line":143,"column":41}}]},"59":{"loc":{"start":{"line":145,"column":6},"end":{"line":151,"column":7}},"type":"if","locations":[{"start":{"line":145,"column":6},"end":{"line":151,"column":7}}]},"60":{"loc":{"start":{"line":145,"column":10},"end":{"line":145,"column":40}},"type":"binary-expr","locations":[{"start":{"line":145,"column":10},"end":{"line":145,"column":20}},{"start":{"line":145,"column":24},"end":{"line":145,"column":40}}]},"61":{"loc":{"start":{"line":147,"column":8},"end":{"line":147,"column":72}},"type":"if","locations":[{"start":{"line":147,"column":8},"end":{"line":147,"column":72}}]},"62":{"loc":{"start":{"line":153,"column":6},"end":{"line":179,"column":7}},"type":"if","locations":[{"start":{"line":153,"column":6},"end":{"line":179,"column":7}}]},"63":{"loc":{"start":{"line":153,"column":10},"end":{"line":153,"column":40}},"type":"binary-expr","locations":[{"start":{"line":153,"column":10},"end":{"line":153,"column":20}},{"start":{"line":153,"column":24},"end":{"line":153,"column":40}}]},"64":{"loc":{"start":{"line":155,"column":8},"end":{"line":155,"column":74}},"type":"if","locations":[{"start":{"line":155,"column":8},"end":{"line":155,"column":74}}]},"65":{"loc":{"start":{"line":156,"column":21},"end":{"line":156,"column":61}},"type":"cond-expr","locations":[{"start":{"line":156,"column":34},"end":{"line":156,"column":56}},{"start":{"line":156,"column":59},"end":{"line":156,"column":61}}]},"66":{"loc":{"start":{"line":169,"column":8},"end":{"line":169,"column":99}},"type":"if","locations":[{"start":{"line":169,"column":8},"end":{"line":169,"column":99}}]},"67":{"loc":{"start":{"line":181,"column":6},"end":{"line":186,"column":7}},"type":"if","locations":[{"start":{"line":181,"column":6},"end":{"line":186,"column":7}}]},"68":{"loc":{"start":{"line":181,"column":10},"end":{"line":181,"column":43}},"type":"binary-expr","locations":[{"start":{"line":181,"column":10},"end":{"line":181,"column":20}},{"start":{"line":181,"column":24},"end":{"line":181,"column":43}}]},"69":{"loc":{"start":{"line":183,"column":8},"end":{"line":183,"column":100}},"type":"if","locations":[{"start":{"line":183,"column":8},"end":{"line":183,"column":100}}]},"70":{"loc":{"start":{"line":183,"column":12},"end":{"line":183,"column":42}},"type":"binary-expr","locations":[{"start":{"line":183,"column":12},"end":{"line":183,"column":17}},{"start":{"line":183,"column":21},"end":{"line":183,"column":42}}]},"71":{"loc":{"start":{"line":188,"column":6},"end":{"line":192,"column":7}},"type":"if","locations":[{"start":{"line":188,"column":6},"end":{"line":192,"column":7}}]},"72":{"loc":{"start":{"line":188,"column":10},"end":{"line":188,"column":47}},"type":"binary-expr","locations":[{"start":{"line":188,"column":10},"end":{"line":188,"column":27}},{"start":{"line":188,"column":31},"end":{"line":188,"column":47}}]},"73":{"loc":{"start":{"line":190,"column":8},"end":{"line":190,"column":72}},"type":"if","locations":[{"start":{"line":190,"column":8},"end":{"line":190,"column":72}}]},"74":{"loc":{"start":{"line":191,"column":43},"end":{"line":191,"column":62}},"type":"binary-expr","locations":[{"start":{"line":191,"column":43},"end":{"line":191,"column":56}},{"start":{"line":191,"column":60},"end":{"line":191,"column":62}}]},"75":{"loc":{"start":{"line":194,"column":6},"end":{"line":213,"column":7}},"type":"if","locations":[{"start":{"line":194,"column":6},"end":{"line":213,"column":7}}]},"76":{"loc":{"start":{"line":194,"column":10},"end":{"line":194,"column":49}},"type":"binary-expr","locations":[{"start":{"line":194,"column":10},"end":{"line":194,"column":28}},{"start":{"line":194,"column":32},"end":{"line":194,"column":49}}]},"77":{"loc":{"start":{"line":196,"column":8},"end":{"line":196,"column":74}},"type":"if","locations":[{"start":{"line":196,"column":8},"end":{"line":196,"column":74}}]},"78":{"loc":{"start":{"line":197,"column":21},"end":{"line":197,"column":61}},"type":"cond-expr","locations":[{"start":{"line":197,"column":34},"end":{"line":197,"column":56}},{"start":{"line":197,"column":59},"end":{"line":197,"column":61}}]}},"s":{"0":3,"1":3,"2":3,"3":3,"4":3,"5":3,"6":3,"7":3,"8":3,"9":3,"10":33,"11":8,"12":8,"13":3,"14":5,"15":5,"16":0,"17":5,"18":5,"19":0,"20":3,"21":33,"22":33,"23":33,"24":33,"25":10,"26":10,"27":10,"28":2,"29":8,"30":8,"31":1,"32":7,"33":7,"34":7,"35":7,"36":7,"37":7,"38":7,"39":23,"40":5,"41":5,"42":5,"43":2,"44":3,"45":3,"46":3,"47":1,"48":2,"49":2,"50":1,"51":1,"52":1,"53":18,"54":3,"55":3,"56":2,"57":1,"58":1,"59":15,"60":3,"61":3,"62":2,"63":1,"64":1,"65":1,"66":1,"67":1,"68":1,"69":12,"70":3,"71":3,"72":1,"73":2,"74":2,"75":9,"76":9,"77":9,"78":9,"79":9,"80":4,"81":4,"82":1,"83":3,"84":3,"85":3,"86":5,"87":0,"88":0,"89":0,"90":0,"91":0,"92":0,"93":0,"94":0,"95":0,"96":0,"97":0,"98":0,"99":0,"100":0,"101":0,"102":0,"103":0,"104":0,"105":0,"106":0,"107":5,"108":0,"109":0,"110":0,"111":0,"112":0,"113":5,"114":3,"115":3,"116":1,"117":2,"118":2,"119":2,"120":2,"121":1,"122":1,"123":1,"124":1,"125":1,"126":0,"127":0,"128":0,"129":3},"f":{"0":33,"1":8,"2":33},"b":{"0":[3,0],"1":[3,0],"2":[3],"3":[8,8],"4":[0,8],"5":[8,8],"6":[0,8],"7":[8,8],"8":[3],"9":[0],"10":[33,0,0],"11":[0,0],"12":[0,0],"13":[33,0,0],"14":[0,33],"15":[33,33],"16":[0,0],"17":[0,0],"18":[0,0],"19":[0,0],"20":[0,0],"21":[0,0],"22":[0,0],"23":[0,0],"24":[10],"25":[33,10],"26":[10,0],"27":[2],"28":[10,9],"29":[1],"30":[8,0],"31":[7,1],"32":[7,1],"33":[5],"34":[23,5],"35":[5,0],"36":[2],"37":[5,4],"38":[3,0],"39":[1],"40":[1],"41":[1,0],"42":[3],"43":[18,6],"44":[2],"45":[3,2],"46":[1,0],"47":[3],"48":[15,3],"49":[2],"50":[3,2],"51":[1,0],"52":[3],"53":[12,3],"54":[3,1],"55":[1],"56":[2,0],"57":[9],"58":[9,4],"59":[4],"60":[9,4],"61":[1],"62":[0],"63":[5,0],"64":[0],"65":[0,0],"66":[0],"67":[0],"68":[5,0],"69":[0],"70":[0,0],"71":[3],"72":[5,3],"73":[1],"74":[2,0],"75":[2],"76":[2,2],"77":[1],"78":[1,0]}}
,"/Users/prabuv/MentalHealthProject/backend-initial/cdk/cdk.out/asset.8f4e9295b66feb5f7046aac8ce82b7166d6ef93ba0d7aafe2acb6ddff359ac50/tests/test-helpers.ts": {"path":"/Users/prabuv/MentalHealthProject/backend-initial/cdk/cdk.out/asset.8f4e9295b66feb5f7046aac8ce82b7166d6ef93ba0d7aafe2acb6ddff359ac50/tests/test-helpers.ts","statementMap":{"0":{"start":{"line":1,"column":0},"end":{"line":1,"column":58}},"1":{"start":{"line":2,"column":0},"end":{"line":2,"column":78}},"2":{"start":{"line":3,"column":0},"end":{"line":3,"column":36}},"3":{"start":{"line":7,"column":37},"end":{"line":18,"column":1}},"4":{"start":{"line":8,"column":17},"end":{"line":15,"column":4}},"5":{"start":{"line":17,"column":2},"end":{"line":17,"column":45}},"6":{"start":{"line":7,"column":13},"end":{"line":7,"column":37}},"7":{"start":{"line":21,"column":41},"end":{"line":56,"column":1}},"8":{"start":{"line":28,"column":2},"end":{"line":55,"column":30}},"9":{"start":{"line":21,"column":13},"end":{"line":21,"column":41}},"10":{"start":{"line":59,"column":35},"end":{"line":67,"column":1}},"11":{"start":{"line":60,"column":2},"end":{"line":66,"column":4}},"12":{"start":{"line":59,"column":13},"end":{"line":59,"column":35}},"13":{"start":{"line":69,"column":33},"end":{"line":71,"column":1}},"14":{"start":{"line":70,"column":2},"end":{"line":70,"column":68}},"15":{"start":{"line":69,"column":13},"end":{"line":69,"column":33}},"16":{"start":{"line":74,"column":36},"end":{"line":81,"column":1}},"17":{"start":{"line":75,"column":2},"end":{"line":75,"column":47}},"18":{"start":{"line":76,"column":2},"end":{"line":76,"column":41}},"19":{"start":{"line":77,"column":2},"end":{"line":77,"column":39}},"20":{"start":{"line":78,"column":2},"end":{"line":78,"column":58}},"21":{"start":{"line":79,"column":2},"end":{"line":79,"column":42}},"22":{"start":{"line":80,"column":2},"end":{"line":80,"column":46}},"23":{"start":{"line":74,"column":13},"end":{"line":74,"column":36}},"24":{"start":{"line":84,"column":31},"end":{"line":95,"column":1}},"25":{"start":{"line":85,"column":2},"end":{"line":94,"column":3}},"26":{"start":{"line":86,"column":4},"end":{"line":93,"column":5}},"27":{"start":{"line":87,"column":6},"end":{"line":90,"column":10}},"28":{"start":{"line":92,"column":6},"end":{"line":92,"column":66}},"29":{"start":{"line":84,"column":13},"end":{"line":84,"column":31}}},"fnMap":{"0":{"name":"(anonymous_0)","decl":{"start":{"line":7,"column":37},"end":{"line":7,"column":40}},"loc":{"start":{"line":7,"column":42},"end":{"line":18,"column":1}}},"1":{"name":"(anonymous_1)","decl":{"start":{"line":21,"column":41},"end":{"line":21,"column":null}},"loc":{"start":{"line":27,"column":28},"end":{"line":56,"column":1}}},"2":{"name":"(anonymous_2)","decl":{"start":{"line":59,"column":35},"end":{"line":59,"column":36}},"loc":{"start":{"line":59,"column":59},"end":{"line":67,"column":1}}},"3":{"name":"(anonymous_3)","decl":{"start":{"line":69,"column":33},"end":{"line":69,"column":34}},"loc":{"start":{"line":69,"column":50},"end":{"line":71,"column":1}}},"4":{"name":"(anonymous_4)","decl":{"start":{"line":74,"column":36},"end":{"line":74,"column":39}},"loc":{"start":{"line":74,"column":41},"end":{"line":81,"column":1}}},"5":{"name":"(anonymous_5)","decl":{"start":{"line":84,"column":31},"end":{"line":84,"column":36}},"loc":{"start":{"line":84,"column":72},"end":{"line":95,"column":1}}}},"branchMap":{"0":{"loc":{"start":{"line":33,"column":13},"end":{"line":33,"column":26}},"type":"binary-expr","locations":[{"start":{"line":33,"column":13},"end":{"line":33,"column":20}},{"start":{"line":33,"column":24},"end":{"line":33,"column":26}}]},"1":{"loc":{"start":{"line":34,"column":27},"end":{"line":34,"column":61}},"type":"binary-expr","locations":[{"start":{"line":34,"column":27},"end":{"line":34,"column":48}},{"start":{"line":34,"column":52},"end":{"line":34,"column":61}}]},"2":{"loc":{"start":{"line":53,"column":10},"end":{"line":53,"column":49}},"type":"cond-expr","locations":[{"start":{"line":53,"column":17},"end":{"line":53,"column":37}},{"start":{"line":53,"column":40},"end":{"line":53,"column":49}}]},"3":{"loc":{"start":{"line":59,"column":36},"end":{"line":59,"column":55}},"type":"default-arg","locations":[{"start":{"line":59,"column":53},"end":{"line":59,"column":55}}]},"4":{"loc":{"start":{"line":70,"column":27},"end":{"line":70,"column":66}},"type":"binary-expr","locations":[{"start":{"line":70,"column":27},"end":{"line":70,"column":49}},{"start":{"line":70,"column":53},"end":{"line":70,"column":66}}]}},"s":{"0":3,"1":3,"2":3,"3":3,"4":3,"5":3,"6":3,"7":3,"8":33,"9":3,"10":3,"11":16,"12":3,"13":3,"14":4,"15":3,"16":3,"17":3,"18":3,"19":3,"20":3,"21":3,"22":3,"23":3,"24":3,"25":3,"26":15,"27":15,"28":0,"29":3},"f":{"0":3,"1":33,"2":16,"3":4,"4":3,"5":3},"b":{"0":[33,26],"1":[33,31],"2":[20,13],"3":[11],"4":[4,0]}}
,"/Users/prabuv/MentalHealthProject/backend-initial/cdk/cdk.out/asset.cda8ddbd93c4893bed6d89f20dca44c82caedb1ddeef8925da54023a97cfbece/src/config.ts": {"path":"/Users/prabuv/MentalHealthProject/backend-initial/cdk/cdk.out/asset.cda8ddbd93c4893bed6d89f20dca44c82caedb1ddeef8925da54023a97cfbece/src/config.ts","statementMap":{"0":{"start":{"line":1,"column":0},"end":{"line":1,"column":58}},"1":{"start":{"line":2,"column":0},"end":{"line":2,"column":63}},"2":{"start":{"line":4,"column":33},"end":{"line":15,"column":1}},"3":{"start":{"line":5,"column":17},"end":{"line":12,"column":4}},"4":{"start":{"line":14,"column":2},"end":{"line":14,"column":45}},"5":{"start":{"line":4,"column":13},"end":{"line":4,"column":33}}},"fnMap":{"0":{"name":"(anonymous_0)","decl":{"start":{"line":4,"column":33},"end":{"line":4,"column":36}},"loc":{"start":{"line":4,"column":38},"end":{"line":15,"column":1}}}},"branchMap":{"0":{"loc":{"start":{"line":7,"column":12},"end":{"line":7,"column":49}},"type":"binary-expr","locations":[{"start":{"line":7,"column":12},"end":{"line":7,"column":34}},{"start":{"line":7,"column":38},"end":{"line":7,"column":49}}]},"1":{"loc":{"start":{"line":9,"column":19},"end":{"line":9,"column":59}},"type":"binary-expr","locations":[{"start":{"line":9,"column":19},"end":{"line":9,"column":48}},{"start":{"line":9,"column":52},"end":{"line":9,"column":59}}]},"2":{"loc":{"start":{"line":10,"column":23},"end":{"line":10,"column":67}},"type":"binary-expr","locations":[{"start":{"line":10,"column":23},"end":{"line":10,"column":56}},{"start":{"line":10,"column":60},"end":{"line":10,"column":67}}]}},"s":{"0":3,"1":3,"2":3,"3":3,"4":3,"5":3},"f":{"0":3},"b":{"0":[3,0],"1":[3,0],"2":[3,0]}}
,"/Users/prabuv/MentalHealthProject/backend-initial/cdk/cdk.out/asset.cda8ddbd93c4893bed6d89f20dca44c82caedb1ddeef8925da54023a97cfbece/src/handler.ts": {"path":"/Users/prabuv/MentalHealthProject/backend-initial/cdk/cdk.out/asset.cda8ddbd93c4893bed6d89f20dca44c82caedb1ddeef8925da54023a97cfbece/src/handler.ts","statementMap":{"0":{"start":{"line":2,"column":0},"end":{"line":2,"column":null}},"1":{"start":{"line":10,"column":0},"end":{"line":10,"column":45}},"2":{"start":{"line":11,"column":0},"end":{"line":11,"column":35}},"3":{"start":{"line":12,"column":0},"end":{"line":12,"column":36}},"4":{"start":{"line":13,"column":0},"end":{"line":13,"column":36}},"5":{"start":{"line":15,"column":14},"end":{"line":15,"column":59}},"6":{"start":{"line":16,"column":19},"end":{"line":16,"column":57}},"7":{"start":{"line":18,"column":12},"end":{"line":18,"column":31}},"8":{"start":{"line":21,"column":0},"end":{"line":23,"column":1}},"9":{"start":{"line":22,"column":2},"end":{"line":22,"column":79}},"10":{"start":{"line":26,"column":2},"end":{"line":30,"column":4}},"11":{"start":{"line":34,"column":15},"end":{"line":34,"column":76}},"12":{"start":{"line":35,"column":2},"end":{"line":35,"column":25}},"13":{"start":{"line":35,"column":13},"end":{"line":35,"column":25}},"14":{"start":{"line":36,"column":16},"end":{"line":36,"column":46}},"15":{"start":{"line":37,"column":2},"end":{"line":37,"column":26}},"16":{"start":{"line":37,"column":14},"end":{"line":37,"column":26}},"17":{"start":{"line":38,"column":2},"end":{"line":42,"column":3}},"18":{"start":{"line":39,"column":4},"end":{"line":39,"column":51}},"19":{"start":{"line":41,"column":4},"end":{"line":41,"column":16}},"20":{"start":{"line":45,"column":23},"end":{"line":221,"column":1}},"21":{"start":{"line":46,"column":15},"end":{"line":46,"column":79}},"22":{"start":{"line":47,"column":17},"end":{"line":47,"column":136}},"23":{"start":{"line":48,"column":2},"end":{"line":220,"column":3}},"24":{"start":{"line":49,"column":4},"end":{"line":82,"column":5}},"25":{"start":{"line":50,"column":19},"end":{"line":50,"column":59}},"26":{"start":{"line":51,"column":55},"end":{"line":51,"column":59}},"27":{"start":{"line":52,"column":6},"end":{"line":52,"column":100}},"28":{"start":{"line":52,"column":31},"end":{"line":52,"column":100}},"29":{"start":{"line":54,"column":16},"end":{"line":59,"column":9}},"30":{"start":{"line":61,"column":6},"end":{"line":63,"column":7}},"31":{"start":{"line":62,"column":8},"end":{"line":62,"column":74}},"32":{"start":{"line":65,"column":21},"end":{"line":65,"column":49}},"33":{"start":{"line":66,"column":24},"end":{"line":66,"column":32}},"34":{"start":{"line":67,"column":18},"end":{"line":67,"column":42}},"35":{"start":{"line":68,"column":19},"end":{"line":78,"column":8}},"36":{"start":{"line":79,"column":6},"end":{"line":79,"column":71}},"37":{"start":{"line":80,"column":20},"end":{"line":80,"column":100}},"38":{"start":{"line":81,"column":6},"end":{"line":81,"column":53}},"39":{"start":{"line":84,"column":4},"end":{"line":104,"column":5}},"40":{"start":{"line":85,"column":19},"end":{"line":85,"column":59}},"41":{"start":{"line":86,"column":34},"end":{"line":86,"column":38}},"42":{"start":{"line":87,"column":6},"end":{"line":87,"column":100}},"43":{"start":{"line":87,"column":31},"end":{"line":87,"column":100}},"44":{"start":{"line":89,"column":16},"end":{"line":94,"column":9}},"45":{"start":{"line":96,"column":19},"end":{"line":96,"column":37}},"46":{"start":{"line":97,"column":6},"end":{"line":97,"column":78}},"47":{"start":{"line":97,"column":17},"end":{"line":97,"column":78}},"48":{"start":{"line":99,"column":17},"end":{"line":99,"column":60}},"49":{"start":{"line":100,"column":6},"end":{"line":100,"column":76}},"50":{"start":{"line":100,"column":15},"end":{"line":100,"column":76}},"51":{"start":{"line":102,"column":20},"end":{"line":102,"column":141}},"52":{"start":{"line":103,"column":6},"end":{"line":103,"column":69}},"53":{"start":{"line":106,"column":4},"end":{"line":111,"column":5}},"54":{"start":{"line":107,"column":19},"end":{"line":107,"column":36}},"55":{"start":{"line":109,"column":16},"end":{"line":109,"column":69}},"56":{"start":{"line":110,"column":6},"end":{"line":110,"column":57}},"57":{"start":{"line":113,"column":4},"end":{"line":126,"column":5}},"58":{"start":{"line":114,"column":19},"end":{"line":114,"column":36}},"59":{"start":{"line":115,"column":6},"end":{"line":115,"column":98}},"60":{"start":{"line":115,"column":42},"end":{"line":115,"column":98}},"61":{"start":{"line":116,"column":19},"end":{"line":116,"column":59}},"62":{"start":{"line":117,"column":17},"end":{"line":117,"column":25}},"63":{"start":{"line":118,"column":18},"end":{"line":118,"column":42}},"64":{"start":{"line":119,"column":19},"end":{"line":123,"column":8}},"65":{"start":{"line":124,"column":6},"end":{"line":124,"column":71}},"66":{"start":{"line":125,"column":6},"end":{"line":125,"column":50}},"67":{"start":{"line":128,"column":4},"end":{"line":138,"column":5}},"68":{"start":{"line":129,"column":20},"end":{"line":129,"column":64}},"69":{"start":{"line":130,"column":6},"end":{"line":130,"column":86}},"70":{"start":{"line":130,"column":18},"end":{"line":130,"column":86}},"71":{"start":{"line":131,"column":16},"end":{"line":136,"column":9}},"72":{"start":{"line":137,"column":6},"end":{"line":137,"column":57}},"73":{"start":{"line":140,"column":27},"end":{"line":140,"column":70}},"74":{"start":{"line":141,"column":4},"end":{"line":214,"column":5}},"75":{"start":{"line":142,"column":18},"end":{"line":142,"column":55}},"76":{"start":{"line":143,"column":18},"end":{"line":143,"column":41}},"77":{"start":{"line":145,"column":6},"end":{"line":151,"column":7}},"78":{"start":{"line":146,"column":18},"end":{"line":146,"column":95}},"79":{"start":{"line":147,"column":8},"end":{"line":147,"column":72}},"80":{"start":{"line":147,"column":21},"end":{"line":147,"column":72}},"81":{"start":{"line":148,"column":21},"end":{"line":148,"column":34}},"82":{"start":{"line":149,"column":8},"end":{"line":149,"column":29}},"83":{"start":{"line":150,"column":8},"end":{"line":150,"column":39}},"84":{"start":{"line":153,"column":6},"end":{"line":179,"column":7}},"85":{"start":{"line":154,"column":21},"end":{"line":154,"column":38}},"86":{"start":{"line":155,"column":8},"end":{"line":155,"column":74}},"87":{"start":{"line":155,"column":19},"end":{"line":155,"column":74}},"88":{"start":{"line":156,"column":21},"end":{"line":156,"column":61}},"89":{"start":{"line":157,"column":28},"end":{"line":157,"column":30}},"90":{"start":{"line":158,"column":30},"end":{"line":158,"column":32}},"91":{"start":{"line":159,"column":31},"end":{"line":159,"column":33}},"92":{"start":{"line":160,"column":16},"end":{"line":160,"column":17}},"93":{"start":{"line":161,"column":8},"end":{"line":168,"column":9}},"94":{"start":{"line":162,"column":10},"end":{"line":162,"column":14}},"95":{"start":{"line":163,"column":26},"end":{"line":163,"column":34}},"96":{"start":{"line":164,"column":25},"end":{"line":164,"column":33}},"97":{"start":{"line":165,"column":10},"end":{"line":165,"column":53}},"98":{"start":{"line":166,"column":10},"end":{"line":166,"column":33}},"99":{"start":{"line":167,"column":10},"end":{"line":167,"column":37}},"100":{"start":{"line":169,"column":8},"end":{"line":169,"column":99}},"101":{"start":{"line":169,"column":38},"end":{"line":169,"column":99}},"102":{"start":{"line":170,"column":27},"end":{"line":170,"column":58}},"103":{"start":{"line":171,"column":8},"end":{"line":177,"column":12}},"104":{"start":{"line":178,"column":8},"end":{"line":178,"column":57}},"105":{"start":{"line":181,"column":6},"end":{"line":186,"column":7}},"106":{"start":{"line":182,"column":21},"end":{"line":182,"column":38}},"107":{"start":{"line":183,"column":8},"end":{"line":183,"column":100}},"108":{"start":{"line":183,"column":44},"end":{"line":183,"column":100}},"109":{"start":{"line":184,"column":8},"end":{"line":184,"column":89}},"110":{"start":{"line":185,"column":8},"end":{"line":185,"column":57}},"111":{"start":{"line":188,"column":6},"end":{"line":192,"column":7}},"112":{"start":{"line":189,"column":18},"end":{"line":189,"column":95}},"113":{"start":{"line":190,"column":8},"end":{"line":190,"column":72}},"114":{"start":{"line":190,"column":21},"end":{"line":190,"column":72}},"115":{"start":{"line":191,"column":8},"end":{"line":191,"column":66}},"116":{"start":{"line":194,"column":6},"end":{"line":213,"column":7}},"117":{"start":{"line":195,"column":21},"end":{"line":195,"column":38}},"118":{"start":{"line":196,"column":8},"end":{"line":196,"column":74}},"119":{"start":{"line":196,"column":19},"end":{"line":196,"column":74}},"120":{"start":{"line":197,"column":21},"end":{"line":197,"column":61}},"121":{"start":{"line":198,"column":23},"end":{"line":202,"column":10}},"122":{"start":{"line":203,"column":8},"end":{"line":211,"column":12}},"123":{"start":{"line":212,"column":8},"end":{"line":212,"column":45}},"124":{"start":{"line":216,"column":4},"end":{"line":216,"column":61}},"125":{"start":{"line":218,"column":4},"end":{"line":218,"column":41}},"126":{"start":{"line":219,"column":4},"end":{"line":219,"column":87}},"127":{"start":{"line":45,"column":13},"end":{"line":45,"column":23}}},"fnMap":{"0":{"name":"jsonResponse","decl":{"start":{"line":25,"column":9},"end":{"line":25,"column":21}},"loc":{"start":{"line":25,"column":51},"end":{"line":31,"column":1}}},"1":{"name":"verifyAuth","decl":{"start":{"line":33,"column":9},"end":{"line":33,"column":19}},"loc":{"start":{"line":33,"column":49},"end":{"line":43,"column":1}}},"2":{"name":"(anonymous_2)","decl":{"start":{"line":45,"column":23},"end":{"line":45,"column":28}},"loc":{"start":{"line":45,"column":97},"end":{"line":221,"column":1}}}},"branchMap":{"0":{"loc":{"start":{"line":15,"column":14},"end":{"line":15,"column":59}},"type":"binary-expr","locations":[{"start":{"line":15,"column":14},"end":{"line":15,"column":40}},{"start":{"line":15,"column":44},"end":{"line":15,"column":59}}]},"1":{"loc":{"start":{"line":16,"column":19},"end":{"line":16,"column":57}},"type":"binary-expr","locations":[{"start":{"line":16,"column":19},"end":{"line":16,"column":41}},{"start":{"line":16,"column":45},"end":{"line":16,"column":57}}]},"2":{"loc":{"start":{"line":21,"column":0},"end":{"line":23,"column":1}},"type":"if","locations":[{"start":{"line":21,"column":0},"end":{"line":23,"column":1}}]},"3":{"loc":{"start":{"line":34,"column":15},"end":{"line":34,"column":76}},"type":"binary-expr","locations":[{"start":{"line":34,"column":15},"end":{"line":34,"column":43}},{"start":{"line":34,"column":47},"end":{"line":34,"column":75}}]},"4":{"loc":{"start":{"line":34,"column":15},"end":{"line":34,"column":43}},"type":"cond-expr","locations":[{"start":{"line":34,"column":28},"end":{"line":34,"column":30}},{"start":{"line":34,"column":28},"end":{"line":34,"column":43}}]},"5":{"loc":{"start":{"line":34,"column":15},"end":{"line":34,"column":30}},"type":"binary-expr","locations":[{"start":{"line":34,"column":15},"end":{"line":34,"column":30}},{"start":{"line":34,"column":28},"end":{"line":34,"column":30}}]},"6":{"loc":{"start":{"line":34,"column":47},"end":{"line":34,"column":75}},"type":"cond-expr","locations":[{"start":{"line":34,"column":60},"end":{"line":34,"column":62}},{"start":{"line":34,"column":60},"end":{"line":34,"column":75}}]},"7":{"loc":{"start":{"line":34,"column":47},"end":{"line":34,"column":62}},"type":"binary-expr","locations":[{"start":{"line":34,"column":47},"end":{"line":34,"column":62}},{"start":{"line":34,"column":60},"end":{"line":34,"column":62}}]},"8":{"loc":{"start":{"line":35,"column":2},"end":{"line":35,"column":25}},"type":"if","locations":[{"start":{"line":35,"column":2},"end":{"line":35,"column":25}}]},"9":{"loc":{"start":{"line":37,"column":2},"end":{"line":37,"column":26}},"type":"if","locations":[{"start":{"line":37,"column":2},"end":{"line":37,"column":26}}]},"10":{"loc":{"start":{"line":46,"column":15},"end":{"line":46,"column":79}},"type":"binary-expr","locations":[{"start":{"line":46,"column":15},"end":{"line":46,"column":28}},{"start":{"line":46,"column":32},"end":{"line":46,"column":72}},{"start":{"line":46,"column":76},"end":{"line":46,"column":79}}]},"11":{"loc":{"start":{"line":46,"column":32},"end":{"line":46,"column":72}},"type":"cond-expr","locations":[{"start":{"line":46,"column":66},"end":{"line":46,"column":68}},{"start":{"line":46,"column":66},"end":{"line":46,"column":72}}]},"12":{"loc":{"start":{"line":46,"column":32},"end":{"line":46,"column":68}},"type":"binary-expr","locations":[{"start":{"line":46,"column":32},"end":{"line":46,"column":68}},{"start":{"line":46,"column":66},"end":{"line":46,"column":68}}]},"13":{"loc":{"start":{"line":47,"column":17},"end":{"line":47,"column":136}},"type":"binary-expr","locations":[{"start":{"line":47,"column":17},"end":{"line":47,"column":59}},{"start":{"line":47,"column":63},"end":{"line":47,"column":97}},{"start":{"line":47,"column":101},"end":{"line":47,"column":135}}]},"14":{"loc":{"start":{"line":47,"column":17},"end":{"line":47,"column":59}},"type":"cond-expr","locations":[{"start":{"line":47,"column":51},"end":{"line":47,"column":53}},{"start":{"line":47,"column":51},"end":{"line":47,"column":59}}]},"15":{"loc":{"start":{"line":47,"column":17},"end":{"line":47,"column":53}},"type":"binary-expr","locations":[{"start":{"line":47,"column":17},"end":{"line":47,"column":53}},{"start":{"line":47,"column":51},"end":{"line":47,"column":53}}]},"16":{"loc":{"start":{"line":47,"column":63},"end":{"line":47,"column":97}},"type":"cond-expr","locations":[{"start":{"line":47,"column":89},"end":{"line":47,"column":91}},{"start":{"line":47,"column":89},"end":{"line":47,"column":97}}]},"17":{"loc":{"start":{"line":47,"column":63},"end":{"line":47,"column":91}},"type":"binary-expr","locations":[{"start":{"line":47,"column":63},"end":{"line":47,"column":91}},{"start":{"line":47,"column":89},"end":{"line":47,"column":91}}]},"18":{"loc":{"start":{"line":47,"column":63},"end":{"line":47,"column":89}},"type":"cond-expr","locations":[{"start":{"line":47,"column":83},"end":{"line":47,"column":85}},{"start":{"line":47,"column":83},"end":{"line":47,"column":89}}]},"19":{"loc":{"start":{"line":47,"column":63},"end":{"line":47,"column":85}},"type":"binary-expr","locations":[{"start":{"line":47,"column":63},"end":{"line":47,"column":85}},{"start":{"line":47,"column":83},"end":{"line":47,"column":85}}]},"20":{"loc":{"start":{"line":47,"column":101},"end":{"line":47,"column":135}},"type":"cond-expr","locations":[{"start":{"line":47,"column":127},"end":{"line":47,"column":129}},{"start":{"line":47,"column":127},"end":{"line":47,"column":135}}]},"21":{"loc":{"start":{"line":47,"column":101},"end":{"line":47,"column":129}},"type":"binary-expr","locations":[{"start":{"line":47,"column":101},"end":{"line":47,"column":129}},{"start":{"line":47,"column":127},"end":{"line":47,"column":129}}]},"22":{"loc":{"start":{"line":47,"column":101},"end":{"line":47,"column":127}},"type":"cond-expr","locations":[{"start":{"line":47,"column":121},"end":{"line":47,"column":123}},{"start":{"line":47,"column":121},"end":{"line":47,"column":127}}]},"23":{"loc":{"start":{"line":47,"column":101},"end":{"line":47,"column":123}},"type":"binary-expr","locations":[{"start":{"line":47,"column":101},"end":{"line":47,"column":123}},{"start":{"line":47,"column":121},"end":{"line":47,"column":123}}]},"24":{"loc":{"start":{"line":49,"column":4},"end":{"line":82,"column":5}},"type":"if","locations":[{"start":{"line":49,"column":4},"end":{"line":82,"column":5}}]},"25":{"loc":{"start":{"line":49,"column":8},"end":{"line":49,"column":52}},"type":"binary-expr","locations":[{"start":{"line":49,"column":8},"end":{"line":49,"column":31}},{"start":{"line":49,"column":35},"end":{"line":49,"column":52}}]},"26":{"loc":{"start":{"line":50,"column":19},"end":{"line":50,"column":59}},"type":"cond-expr","locations":[{"start":{"line":50,"column":32},"end":{"line":50,"column":54}},{"start":{"line":50,"column":57},"end":{"line":50,"column":59}}]},"27":{"loc":{"start":{"line":52,"column":6},"end":{"line":52,"column":100}},"type":"if","locations":[{"start":{"line":52,"column":6},"end":{"line":52,"column":100}}]},"28":{"loc":{"start":{"line":52,"column":10},"end":{"line":52,"column":29}},"type":"binary-expr","locations":[{"start":{"line":52,"column":10},"end":{"line":52,"column":16}},{"start":{"line":52,"column":20},"end":{"line":52,"column":29}}]},"29":{"loc":{"start":{"line":61,"column":6},"end":{"line":63,"column":7}},"type":"if","locations":[{"start":{"line":61,"column":6},"end":{"line":63,"column":7}}]},"30":{"loc":{"start":{"line":61,"column":11},"end":{"line":61,"column":24}},"type":"binary-expr","locations":[{"start":{"line":61,"column":11},"end":{"line":61,"column":18}},{"start":{"line":61,"column":22},"end":{"line":61,"column":24}}]},"31":{"loc":{"start":{"line":72,"column":19},"end":{"line":72,"column":34}},"type":"binary-expr","locations":[{"start":{"line":72,"column":19},"end":{"line":72,"column":28}},{"start":{"line":72,"column":32},"end":{"line":72,"column":34}}]},"32":{"loc":{"start":{"line":73,"column":18},"end":{"line":73,"column":32}},"type":"binary-expr","locations":[{"start":{"line":73,"column":18},"end":{"line":73,"column":26}},{"start":{"line":73,"column":30},"end":{"line":73,"column":32}}]},"33":{"loc":{"start":{"line":84,"column":4},"end":{"line":104,"column":5}},"type":"if","locations":[{"start":{"line":84,"column":4},"end":{"line":104,"column":5}}]},"34":{"loc":{"start":{"line":84,"column":8},"end":{"line":84,"column":51}},"type":"binary-expr","locations":[{"start":{"line":84,"column":8},"end":{"line":84,"column":30}},{"start":{"line":84,"column":34},"end":{"line":84,"column":51}}]},"35":{"loc":{"start":{"line":85,"column":19},"end":{"line":85,"column":59}},"type":"cond-expr","locations":[{"start":{"line":85,"column":32},"end":{"line":85,"column":54}},{"start":{"line":85,"column":57},"end":{"line":85,"column":59}}]},"36":{"loc":{"start":{"line":87,"column":6},"end":{"line":87,"column":100}},"type":"if","locations":[{"start":{"line":87,"column":6},"end":{"line":87,"column":100}}]},"37":{"loc":{"start":{"line":87,"column":10},"end":{"line":87,"column":29}},"type":"binary-expr","locations":[{"start":{"line":87,"column":10},"end":{"line":87,"column":16}},{"start":{"line":87,"column":20},"end":{"line":87,"column":29}}]},"38":{"loc":{"start":{"line":96,"column":20},"end":{"line":96,"column":33}},"type":"binary-expr","locations":[{"start":{"line":96,"column":20},"end":{"line":96,"column":27}},{"start":{"line":96,"column":31},"end":{"line":96,"column":33}}]},"39":{"loc":{"start":{"line":97,"column":6},"end":{"line":97,"column":78}},"type":"if","locations":[{"start":{"line":97,"column":6},"end":{"line":97,"column":78}}]},"40":{"loc":{"start":{"line":100,"column":6},"end":{"line":100,"column":76}},"type":"if","locations":[{"start":{"line":100,"column":6},"end":{"line":100,"column":76}}]},"41":{"loc":{"start":{"line":102,"column":83},"end":{"line":102,"column":105}},"type":"binary-expr","locations":[{"start":{"line":102,"column":83},"end":{"line":102,"column":92}},{"start":{"line":102,"column":96},"end":{"line":102,"column":105}}]},"42":{"loc":{"start":{"line":106,"column":4},"end":{"line":111,"column":5}},"type":"if","locations":[{"start":{"line":106,"column":4},"end":{"line":111,"column":5}}]},"43":{"loc":{"start":{"line":106,"column":8},"end":{"line":106,"column":48}},"type":"binary-expr","locations":[{"start":{"line":106,"column":8},"end":{"line":106,"column":28}},{"start":{"line":106,"column":32},"end":{"line":106,"column":48}}]},"44":{"loc":{"start":{"line":110,"column":40},"end":{"line":110,"column":53}},"type":"binary-expr","locations":[{"start":{"line":110,"column":40},"end":{"line":110,"column":47}},{"start":{"line":110,"column":51},"end":{"line":110,"column":53}}]},"45":{"loc":{"start":{"line":113,"column":4},"end":{"line":126,"column":5}},"type":"if","locations":[{"start":{"line":113,"column":4},"end":{"line":126,"column":5}}]},"46":{"loc":{"start":{"line":113,"column":8},"end":{"line":113,"column":49}},"type":"binary-expr","locations":[{"start":{"line":113,"column":8},"end":{"line":113,"column":28}},{"start":{"line":113,"column":32},"end":{"line":113,"column":49}}]},"47":{"loc":{"start":{"line":115,"column":6},"end":{"line":115,"column":98}},"type":"if","locations":[{"start":{"line":115,"column":6},"end":{"line":115,"column":98}}]},"48":{"loc":{"start":{"line":115,"column":10},"end":{"line":115,"column":40}},"type":"binary-expr","locations":[{"start":{"line":115,"column":10},"end":{"line":115,"column":15}},{"start":{"line":115,"column":19},"end":{"line":115,"column":40}}]},"49":{"loc":{"start":{"line":116,"column":19},"end":{"line":116,"column":59}},"type":"cond-expr","locations":[{"start":{"line":116,"column":32},"end":{"line":116,"column":54}},{"start":{"line":116,"column":57},"end":{"line":116,"column":59}}]},"50":{"loc":{"start":{"line":128,"column":4},"end":{"line":138,"column":5}},"type":"if","locations":[{"start":{"line":128,"column":4},"end":{"line":138,"column":5}}]},"51":{"loc":{"start":{"line":128,"column":8},"end":{"line":128,"column":57}},"type":"binary-expr","locations":[{"start":{"line":128,"column":8},"end":{"line":128,"column":37}},{"start":{"line":128,"column":41},"end":{"line":128,"column":57}}]},"52":{"loc":{"start":{"line":129,"column":21},"end":{"line":129,"column":54}},"type":"binary-expr","locations":[{"start":{"line":129,"column":21},"end":{"line":129,"column":48}},{"start":{"line":129,"column":52},"end":{"line":129,"column":54}}]},"53":{"loc":{"start":{"line":130,"column":6},"end":{"line":130,"column":86}},"type":"if","locations":[{"start":{"line":130,"column":6},"end":{"line":130,"column":86}}]},"54":{"loc":{"start":{"line":137,"column":40},"end":{"line":137,"column":53}},"type":"binary-expr","locations":[{"start":{"line":137,"column":40},"end":{"line":137,"column":47}},{"start":{"line":137,"column":51},"end":{"line":137,"column":53}}]},"55":{"loc":{"start":{"line":141,"column":4},"end":{"line":214,"column":5}},"type":"if","locations":[{"start":{"line":141,"column":4},"end":{"line":214,"column":5}}]},"56":{"loc":{"start":{"line":143,"column":18},"end":{"line":143,"column":41}},"type":"binary-expr","locations":[{"start":{"line":143,"column":18},"end":{"line":143,"column":35}},{"start":{"line":143,"column":39},"end":{"line":143,"column":41}}]},"57":{"loc":{"start":{"line":145,"column":6},"end":{"line":151,"column":7}},"type":"if","locations":[{"start":{"line":145,"column":6},"end":{"line":151,"column":7}}]},"58":{"loc":{"start":{"line":145,"column":10},"end":{"line":145,"column":40}},"type":"binary-expr","locations":[{"start":{"line":145,"column":10},"end":{"line":145,"column":20}},{"start":{"line":145,"column":24},"end":{"line":145,"column":40}}]},"59":{"loc":{"start":{"line":147,"column":8},"end":{"line":147,"column":72}},"type":"if","locations":[{"start":{"line":147,"column":8},"end":{"line":147,"column":72}}]},"60":{"loc":{"start":{"line":153,"column":6},"end":{"line":179,"column":7}},"type":"if","locations":[{"start":{"line":153,"column":6},"end":{"line":179,"column":7}}]},"61":{"loc":{"start":{"line":153,"column":10},"end":{"line":153,"column":40}},"type":"binary-expr","locations":[{"start":{"line":153,"column":10},"end":{"line":153,"column":20}},{"start":{"line":153,"column":24},"end":{"line":153,"column":40}}]},"62":{"loc":{"start":{"line":155,"column":8},"end":{"line":155,"column":74}},"type":"if","locations":[{"start":{"line":155,"column":8},"end":{"line":155,"column":74}}]},"63":{"loc":{"start":{"line":156,"column":21},"end":{"line":156,"column":61}},"type":"cond-expr","locations":[{"start":{"line":156,"column":34},"end":{"line":156,"column":56}},{"start":{"line":156,"column":59},"end":{"line":156,"column":61}}]},"64":{"loc":{"start":{"line":169,"column":8},"end":{"line":169,"column":99}},"type":"if","locations":[{"start":{"line":169,"column":8},"end":{"line":169,"column":99}}]},"65":{"loc":{"start":{"line":181,"column":6},"end":{"line":186,"column":7}},"type":"if","locations":[{"start":{"line":181,"column":6},"end":{"line":186,"column":7}}]},"66":{"loc":{"start":{"line":181,"column":10},"end":{"line":181,"column":43}},"type":"binary-expr","locations":[{"start":{"line":181,"column":10},"end":{"line":181,"column":20}},{"start":{"line":181,"column":24},"end":{"line":181,"column":43}}]},"67":{"loc":{"start":{"line":183,"column":8},"end":{"line":183,"column":100}},"type":"if","locations":[{"start":{"line":183,"column":8},"end":{"line":183,"column":100}}]},"68":{"loc":{"start":{"line":183,"column":12},"end":{"line":183,"column":42}},"type":"binary-expr","locations":[{"start":{"line":183,"column":12},"end":{"line":183,"column":17}},{"start":{"line":183,"column":21},"end":{"line":183,"column":42}}]},"69":{"loc":{"start":{"line":188,"column":6},"end":{"line":192,"column":7}},"type":"if","locations":[{"start":{"line":188,"column":6},"end":{"line":192,"column":7}}]},"70":{"loc":{"start":{"line":188,"column":10},"end":{"line":188,"column":47}},"type":"binary-expr","locations":[{"start":{"line":188,"column":10},"end":{"line":188,"column":27}},{"start":{"line":188,"column":31},"end":{"line":188,"column":47}}]},"71":{"loc":{"start":{"line":190,"column":8},"end":{"line":190,"column":72}},"type":"if","locations":[{"start":{"line":190,"column":8},"end":{"line":190,"column":72}}]},"72":{"loc":{"start":{"line":191,"column":43},"end":{"line":191,"column":62}},"type":"binary-expr","locations":[{"start":{"line":191,"column":43},"end":{"line":191,"column":56}},{"start":{"line":191,"column":60},"end":{"line":191,"column":62}}]},"73":{"loc":{"start":{"line":194,"column":6},"end":{"line":213,"column":7}},"type":"if","locations":[{"start":{"line":194,"column":6},"end":{"line":213,"column":7}}]},"74":{"loc":{"start":{"line":194,"column":10},"end":{"line":194,"column":49}},"type":"binary-expr","locations":[{"start":{"line":194,"column":10},"end":{"line":194,"column":28}},{"start":{"line":194,"column":32},"end":{"line":194,"column":49}}]},"75":{"loc":{"start":{"line":196,"column":8},"end":{"line":196,"column":74}},"type":"if","locations":[{"start":{"line":196,"column":8},"end":{"line":196,"column":74}}]},"76":{"loc":{"start":{"line":197,"column":21},"end":{"line":197,"column":61}},"type":"cond-expr","locations":[{"start":{"line":197,"column":34},"end":{"line":197,"column":56}},{"start":{"line":197,"column":59},"end":{"line":197,"column":61}}]}},"s":{"0":3,"1":3,"2":3,"3":3,"4":3,"5":3,"6":3,"7":3,"8":3,"9":3,"10":33,"11":8,"12":8,"13":3,"14":5,"15":5,"16":0,"17":5,"18":5,"19":0,"20":3,"21":33,"22":33,"23":33,"24":33,"25":10,"26":10,"27":10,"28":2,"29":8,"30":8,"31":1,"32":7,"33":7,"34":7,"35":7,"36":7,"37":7,"38":7,"39":23,"40":5,"41":5,"42":5,"43":2,"44":3,"45":3,"46":3,"47":1,"48":2,"49":2,"50":1,"51":1,"52":1,"53":18,"54":3,"55":3,"56":3,"57":15,"58":3,"59":3,"60":2,"61":1,"62":1,"63":1,"64":1,"65":1,"66":1,"67":12,"68":3,"69":3,"70":1,"71":2,"72":2,"73":9,"74":9,"75":9,"76":9,"77":9,"78":4,"79":4,"80":1,"81":3,"82":3,"83":3,"84":5,"85":0,"86":0,"87":0,"88":0,"89":0,"90":0,"91":0,"92":0,"93":0,"94":0,"95":0,"96":0,"97":0,"98":0,"99":0,"100":0,"101":0,"102":0,"103":0,"104":0,"105":5,"106":0,"107":0,"108":0,"109":0,"110":0,"111":5,"112":3,"113":3,"114":1,"115":2,"116":2,"117":2,"118":2,"119":1,"120":1,"121":1,"122":1,"123":1,"124":0,"125":0,"126":0,"127":3},"f":{"0":33,"1":8,"2":33},"b":{"0":[3,0],"1":[3,0],"2":[3],"3":[8,8],"4":[0,8],"5":[8,8],"6":[0,8],"7":[8,8],"8":[3],"9":[0],"10":[33,0,0],"11":[0,0],"12":[0,0],"13":[33,0,0],"14":[0,33],"15":[33,33],"16":[0,0],"17":[0,0],"18":[0,0],"19":[0,0],"20":[0,0],"21":[0,0],"22":[0,0],"23":[0,0],"24":[10],"25":[33,10],"26":[10,0],"27":[2],"28":[10,9],"29":[1],"30":[8,0],"31":[7,1],"32":[7,1],"33":[5],"34":[23,5],"35":[5,0],"36":[2],"37":[5,4],"38":[3,0],"39":[1],"40":[1],"41":[1,0],"42":[3],"43":[18,6],"44":[3,0],"45":[3],"46":[15,3],"47":[2],"48":[3,2],"49":[1,0],"50":[3],"51":[12,3],"52":[3,1],"53":[1],"54":[2,0],"55":[9],"56":[9,4],"57":[4],"58":[9,4],"59":[1],"60":[0],"61":[5,0],"62":[0],"63":[0,0],"64":[0],"65":[0],"66":[5,0],"67":[0],"68":[0,0],"69":[3],"70":[5,3],"71":[1],"72":[2,0],"73":[2],"74":[2,2],"75":[1],"76":[1,0]}}
,"/Users/prabuv/MentalHealthProject/backend-initial/cdk/cdk.out/asset.cda8ddbd93c4893bed6d89f20dca44c82caedb1ddeef8925da54023a97cfbece/tests/test-helpers.ts": {"path":"/Users/prabuv/MentalHealthProject/backend-initial/cdk/cdk.out/asset.cda8ddbd93c4893bed6d89f20dca44c82caedb1ddeef8925da54023a97cfbece/tests/test-helpers.ts","statementMap":{"0":{"start":{"line":1,"column":0},"end":{"line":1,"column":58}},"1":{"start":{"line":2,"column":0},"end":{"line":2,"column":78}},"2":{"start":{"line":3,"column":0},"end":{"line":3,"column":36}},"3":{"start":{"line":7,"column":37},"end":{"line":18,"column":1}},"4":{"start":{"line":8,"column":17},"end":{"line":15,"column":4}},"5":{"start":{"line":17,"column":2},"end":{"line":17,"column":45}},"6":{"start":{"line":7,"column":13},"end":{"line":7,"column":37}},"7":{"start":{"line":21,"column":41},"end":{"line":56,"column":1}},"8":{"start":{"line":28,"column":2},"end":{"line":55,"column":30}},"9":{"start":{"line":21,"column":13},"end":{"line":21,"column":41}},"10":{"start":{"line":59,"column":35},"end":{"line":67,"column":1}},"11":{"start":{"line":60,"column":2},"end":{"line":66,"column":4}},"12":{"start":{"line":59,"column":13},"end":{"line":59,"column":35}},"13":{"start":{"line":69,"column":33},"end":{"line":71,"column":1}},"14":{"start":{"line":70,"column":2},"end":{"line":70,"column":68}},"15":{"start":{"line":69,"column":13},"end":{"line":69,"column":33}},"16":{"start":{"line":74,"column":36},"end":{"line":81,"column":1}},"17":{"start":{"line":75,"column":2},"end":{"line":75,"column":47}},"18":{"start":{"line":76,"column":2},"end":{"line":76,"column":41}},"19":{"start":{"line":77,"column":2},"end":{"line":77,"column":39}},"20":{"start":{"line":78,"column":2},"end":{"line":78,"column":58}},"21":{"start":{"line":79,"column":2},"end":{"line":79,"column":42}},"22":{"start":{"line":80,"column":2},"end":{"line":80,"column":46}},"23":{"start":{"line":74,"column":13},"end":{"line":74,"column":36}},"24":{"start":{"line":84,"column":31},"end":{"line":95,"column":1}},"25":{"start":{"line":85,"column":2},"end":{"line":94,"column":3}},"26":{"start":{"line":86,"column":4},"end":{"line":93,"column":5}},"27":{"start":{"line":87,"column":6},"end":{"line":90,"column":10}},"28":{"start":{"line":92,"column":6},"end":{"line":92,"column":66}},"29":{"start":{"line":84,"column":13},"end":{"line":84,"column":31}}},"fnMap":{"0":{"name":"(anonymous_0)","decl":{"start":{"line":7,"column":37},"end":{"line":7,"column":40}},"loc":{"start":{"line":7,"column":42},"end":{"line":18,"column":1}}},"1":{"name":"(anonymous_1)","decl":{"start":{"line":21,"column":41},"end":{"line":21,"column":null}},"loc":{"start":{"line":27,"column":28},"end":{"line":56,"column":1}}},"2":{"name":"(anonymous_2)","decl":{"start":{"line":59,"column":35},"end":{"line":59,"column":36}},"loc":{"start":{"line":59,"column":59},"end":{"line":67,"column":1}}},"3":{"name":"(anonymous_3)","decl":{"start":{"line":69,"column":33},"end":{"line":69,"column":34}},"loc":{"start":{"line":69,"column":50},"end":{"line":71,"column":1}}},"4":{"name":"(anonymous_4)","decl":{"start":{"line":74,"column":36},"end":{"line":74,"column":39}},"loc":{"start":{"line":74,"column":41},"end":{"line":81,"column":1}}},"5":{"name":"(anonymous_5)","decl":{"start":{"line":84,"column":31},"end":{"line":84,"column":36}},"loc":{"start":{"line":84,"column":72},"end":{"line":95,"column":1}}}},"branchMap":{"0":{"loc":{"start":{"line":33,"column":13},"end":{"line":33,"column":26}},"type":"binary-expr","locations":[{"start":{"line":33,"column":13},"end":{"line":33,"column":20}},{"start":{"line":33,"column":24},"end":{"line":33,"column":26}}]},"1":{"loc":{"start":{"line":34,"column":27},"end":{"line":34,"column":61}},"type":"binary-expr","locations":[{"start":{"line":34,"column":27},"end":{"line":34,"column":48}},{"start":{"line":34,"column":52},"end":{"line":34,"column":61}}]},"2":{"loc":{"start":{"line":53,"column":10},"end":{"line":53,"column":49}},"type":"cond-expr","locations":[{"start":{"line":53,"column":17},"end":{"line":53,"column":37}},{"start":{"line":53,"column":40},"end":{"line":53,"column":49}}]},"3":{"loc":{"start":{"line":59,"column":36},"end":{"line":59,"column":55}},"type":"default-arg","locations":[{"start":{"line":59,"column":53},"end":{"line":59,"column":55}}]},"4":{"loc":{"start":{"line":70,"column":27},"end":{"line":70,"column":66}},"type":"binary-expr","locations":[{"start":{"line":70,"column":27},"end":{"line":70,"column":49}},{"start":{"line":70,"column":53},"end":{"line":70,"column":66}}]}},"s":{"0":3,"1":3,"2":3,"3":3,"4":3,"5":3,"6":3,"7":3,"8":33,"9":3,"10":3,"11":16,"12":3,"13":3,"14":4,"15":3,"16":3,"17":3,"18":3,"19":3,"20":3,"21":3,"22":3,"23":3,"24":3,"25":3,"26":15,"27":15,"28":0,"29":3},"f":{"0":3,"1":33,"2":16,"3":4,"4":3,"5":3},"b":{"0":[33,26],"1":[33,31],"2":[20,13],"3":[11],"4":[4,0]}}
,"/Users/prabuv/MentalHealthProject/backend-initial/cdk/cdk.out/asset.fcd2bd36ee4b20567c3594e7cf3396d266dec1addfc8a378be90b462aa54c8f3/src/config.ts": {"path":"/Users/prabuv/MentalHealthProject/backend-initial/cdk/cdk.out/asset.fcd2bd36ee4b20567c3594e7cf3396d266dec1addfc8a378be90b462aa54c8f3/src/config.ts","statementMap":{"0":{"start":{"line":1,"column":0},"end":{"line":1,"column":58}},"1":{"start":{"line":2,"column":0},"end":{"line":2,"column":63}},"2":{"start":{"line":4,"column":33},"end":{"line":15,"column":1}},"3":{"start":{"line":5,"column":17},"end":{"line":12,"column":4}},"4":{"start":{"line":14,"column":2},"end":{"line":14,"column":45}},"5":{"start":{"line":4,"column":13},"end":{"line":4,"column":33}}},"fnMap":{"0":{"name":"(anonymous_0)","decl":{"start":{"line":4,"column":33},"end":{"line":4,"column":36}},"loc":{"start":{"line":4,"column":38},"end":{"line":15,"column":1}}}},"branchMap":{"0":{"loc":{"start":{"line":7,"column":12},"end":{"line":7,"column":49}},"type":"binary-expr","locations":[{"start":{"line":7,"column":12},"end":{"line":7,"column":34}},{"start":{"line":7,"column":38},"end":{"line":7,"column":49}}]},"1":{"loc":{"start":{"line":9,"column":19},"end":{"line":9,"column":59}},"type":"binary-expr","locations":[{"start":{"line":9,"column":19},"end":{"line":9,"column":48}},{"start":{"line":9,"column":52},"end":{"line":9,"column":59}}]},"2":{"loc":{"start":{"line":10,"column":23},"end":{"line":10,"column":67}},"type":"binary-expr","locations":[{"start":{"line":10,"column":23},"end":{"line":10,"column":56}},{"start":{"line":10,"column":60},"end":{"line":10,"column":67}}]}},"s":{"0":3,"1":3,"2":3,"3":3,"4":3,"5":3},"f":{"0":3},"b":{"0":[3,0],"1":[3,0],"2":[3,0]}}
,"/Users/prabuv/MentalHealthProject/backend-initial/cdk/cdk.out/asset.fcd2bd36ee4b20567c3594e7cf3396d266dec1addfc8a378be90b462aa54c8f3/src/handler.ts": {"path":"/Users/prabuv/MentalHealthProject/backend-initial/cdk/cdk.out/asset.fcd2bd36ee4b20567c3594e7cf3396d266dec1addfc8a378be90b462aa54c8f3/src/handler.ts","statementMap":{"0":{"start":{"line":2,"column":0},"end":{"line":2,"column":null}},"1":{"start":{"line":10,"column":0},"end":{"line":10,"column":45}},"2":{"start":{"line":11,"column":0},"end":{"line":11,"column":35}},"3":{"start":{"line":12,"column":0},"end":{"line":12,"column":36}},"4":{"start":{"line":13,"column":0},"end":{"line":13,"column":36}},"5":{"start":{"line":15,"column":14},"end":{"line":15,"column":59}},"6":{"start":{"line":16,"column":19},"end":{"line":16,"column":57}},"7":{"start":{"line":18,"column":12},"end":{"line":18,"column":31}},"8":{"start":{"line":21,"column":0},"end":{"line":23,"column":1}},"9":{"start":{"line":22,"column":2},"end":{"line":22,"column":79}},"10":{"start":{"line":26,"column":2},"end":{"line":30,"column":4}},"11":{"start":{"line":34,"column":15},"end":{"line":34,"column":76}},"12":{"start":{"line":35,"column":2},"end":{"line":35,"column":25}},"13":{"start":{"line":35,"column":13},"end":{"line":35,"column":25}},"14":{"start":{"line":36,"column":16},"end":{"line":36,"column":46}},"15":{"start":{"line":37,"column":2},"end":{"line":37,"column":26}},"16":{"start":{"line":37,"column":14},"end":{"line":37,"column":26}},"17":{"start":{"line":38,"column":2},"end":{"line":42,"column":3}},"18":{"start":{"line":39,"column":4},"end":{"line":39,"column":51}},"19":{"start":{"line":41,"column":4},"end":{"line":41,"column":16}},"20":{"start":{"line":45,"column":23},"end":{"line":221,"column":1}},"21":{"start":{"line":46,"column":15},"end":{"line":46,"column":79}},"22":{"start":{"line":47,"column":17},"end":{"line":47,"column":136}},"23":{"start":{"line":48,"column":2},"end":{"line":220,"column":3}},"24":{"start":{"line":49,"column":4},"end":{"line":82,"column":5}},"25":{"start":{"line":50,"column":19},"end":{"line":50,"column":59}},"26":{"start":{"line":51,"column":55},"end":{"line":51,"column":59}},"27":{"start":{"line":52,"column":6},"end":{"line":52,"column":100}},"28":{"start":{"line":52,"column":31},"end":{"line":52,"column":100}},"29":{"start":{"line":54,"column":16},"end":{"line":59,"column":9}},"30":{"start":{"line":61,"column":6},"end":{"line":63,"column":7}},"31":{"start":{"line":62,"column":8},"end":{"line":62,"column":74}},"32":{"start":{"line":65,"column":21},"end":{"line":65,"column":49}},"33":{"start":{"line":66,"column":24},"end":{"line":66,"column":32}},"34":{"start":{"line":67,"column":18},"end":{"line":67,"column":42}},"35":{"start":{"line":68,"column":19},"end":{"line":78,"column":8}},"36":{"start":{"line":79,"column":6},"end":{"line":79,"column":71}},"37":{"start":{"line":80,"column":20},"end":{"line":80,"column":100}},"38":{"start":{"line":81,"column":6},"end":{"line":81,"column":53}},"39":{"start":{"line":84,"column":4},"end":{"line":104,"column":5}},"40":{"start":{"line":85,"column":19},"end":{"line":85,"column":59}},"41":{"start":{"line":86,"column":34},"end":{"line":86,"column":38}},"42":{"start":{"line":87,"column":6},"end":{"line":87,"column":100}},"43":{"start":{"line":87,"column":31},"end":{"line":87,"column":100}},"44":{"start":{"line":89,"column":16},"end":{"line":94,"column":9}},"45":{"start":{"line":96,"column":19},"end":{"line":96,"column":37}},"46":{"start":{"line":97,"column":6},"end":{"line":97,"column":78}},"47":{"start":{"line":97,"column":17},"end":{"line":97,"column":78}},"48":{"start":{"line":99,"column":17},"end":{"line":99,"column":60}},"49":{"start":{"line":100,"column":6},"end":{"line":100,"column":76}},"50":{"start":{"line":100,"column":15},"end":{"line":100,"column":76}},"51":{"start":{"line":102,"column":20},"end":{"line":102,"column":141}},"52":{"start":{"line":103,"column":6},"end":{"line":103,"column":69}},"53":{"start":{"line":106,"column":4},"end":{"line":111,"column":5}},"54":{"start":{"line":107,"column":19},"end":{"line":107,"column":36}},"55":{"start":{"line":108,"column":6},"end":{"line":108,"column":73}},"56":{"start":{"line":108,"column":17},"end":{"line":108,"column":73}},"57":{"start":{"line":109,"column":16},"end":{"line":109,"column":69}},"58":{"start":{"line":110,"column":6},"end":{"line":110,"column":57}},"59":{"start":{"line":113,"column":4},"end":{"line":126,"column":5}},"60":{"start":{"line":114,"column":19},"end":{"line":114,"column":36}},"61":{"start":{"line":115,"column":6},"end":{"line":115,"column":98}},"62":{"start":{"line":115,"column":42},"end":{"line":115,"column":98}},"63":{"start":{"line":116,"column":19},"end":{"line":116,"column":59}},"64":{"start":{"line":117,"column":17},"end":{"line":117,"column":25}},"65":{"start":{"line":118,"column":18},"end":{"line":118,"column":42}},"66":{"start":{"line":119,"column":19},"end":{"line":123,"column":8}},"67":{"start":{"line":124,"column":6},"end":{"line":124,"column":71}},"68":{"start":{"line":125,"column":6},"end":{"line":125,"column":50}},"69":{"start":{"line":128,"column":4},"end":{"line":138,"column":5}},"70":{"start":{"line":129,"column":20},"end":{"line":129,"column":64}},"71":{"start":{"line":130,"column":6},"end":{"line":130,"column":86}},"72":{"start":{"line":130,"column":18},"end":{"line":130,"column":86}},"73":{"start":{"line":131,"column":16},"end":{"line":136,"column":9}},"74":{"start":{"line":137,"column":6},"end":{"line":137,"column":57}},"75":{"start":{"line":140,"column":27},"end":{"line":140,"column":70}},"76":{"start":{"line":141,"column":4},"end":{"line":214,"column":5}},"77":{"start":{"line":142,"column":18},"end":{"line":142,"column":55}},"78":{"start":{"line":143,"column":18},"end":{"line":143,"column":41}},"79":{"start":{"line":145,"column":6},"end":{"line":151,"column":7}},"80":{"start":{"line":146,"column":18},"end":{"line":146,"column":95}},"81":{"start":{"line":147,"column":8},"end":{"line":147,"column":72}},"82":{"start":{"line":147,"column":21},"end":{"line":147,"column":72}},"83":{"start":{"line":148,"column":21},"end":{"line":148,"column":34}},"84":{"start":{"line":149,"column":8},"end":{"line":149,"column":29}},"85":{"start":{"line":150,"column":8},"end":{"line":150,"column":39}},"86":{"start":{"line":153,"column":6},"end":{"line":179,"column":7}},"87":{"start":{"line":154,"column":21},"end":{"line":154,"column":38}},"88":{"start":{"line":155,"column":8},"end":{"line":155,"column":74}},"89":{"start":{"line":155,"column":19},"end":{"line":155,"column":74}},"90":{"start":{"line":156,"column":21},"end":{"line":156,"column":61}},"91":{"start":{"line":157,"column":28},"end":{"line":157,"column":30}},"92":{"start":{"line":158,"column":30},"end":{"line":158,"column":32}},"93":{"start":{"line":159,"column":31},"end":{"line":159,"column":33}},"94":{"start":{"line":160,"column":16},"end":{"line":160,"column":17}},"95":{"start":{"line":161,"column":8},"end":{"line":168,"column":9}},"96":{"start":{"line":162,"column":10},"end":{"line":162,"column":14}},"97":{"start":{"line":163,"column":26},"end":{"line":163,"column":34}},"98":{"start":{"line":164,"column":25},"end":{"line":164,"column":33}},"99":{"start":{"line":165,"column":10},"end":{"line":165,"column":53}},"100":{"start":{"line":166,"column":10},"end":{"line":166,"column":33}},"101":{"start":{"line":167,"column":10},"end":{"line":167,"column":37}},"102":{"start":{"line":169,"column":8},"end":{"line":169,"column":99}},"103":{"start":{"line":169,"column":38},"end":{"line":169,"column":99}},"104":{"start":{"line":170,"column":27},"end":{"line":170,"column":58}},"105":{"start":{"line":171,"column":8},"end":{"line":177,"column":12}},"106":{"start":{"line":178,"column":8},"end":{"line":178,"column":57}},"107":{"start":{"line":181,"column":6},"end":{"line":186,"column":7}},"108":{"start":{"line":182,"column":21},"end":{"line":182,"column":38}},"109":{"start":{"line":183,"column":8},"end":{"line":183,"column":100}},"110":{"start":{"line":183,"column":44
[...]
e":47,"column":135}}]},"14":{"loc":{"start":{"line":47,"column":17},"end":{"line":47,"column":59}},"type":"cond-expr","locations":[{"start":{"line":47,"column":51},"end":{"line":47,"column":53}},{"start":{"line":47,"column":51},"end":{"line":47,"column":59}}]},"15":{"loc":{"start":{"line":47,"column":17},"end":{"line":47,"column":53}},"type":"binary-expr","locations":[{"start":{"line":47,"column":17},"end":{"line":47,"column":53}},{"start":{"line":47,"column":51},"end":{"line":47,"column":53}}]},"16":{"loc":{"start":{"line":47,"column":63},"end":{"line":47,"column":97}},"type":"cond-expr","locations":[{"start":{"line":47,"column":89},"end":{"line":47,"column":91}},{"start":{"line":47,"column":89},"end":{"line":47,"column":97}}]},"17":{"loc":{"start":{"line":47,"column":63},"end":{"line":47,"column":91}},"type":"binary-expr","locations":[{"start":{"line":47,"column":63},"end":{"line":47,"column":91}},{"start":{"line":47,"column":89},"end":{"line":47,"column":91}}]},"18":{"loc":{"start":{"line":47,"column":63},"end":{"line":47,"column":89}},"type":"cond-expr","locations":[{"start":{"line":47,"column":83},"end":{"line":47,"column":85}},{"start":{"line":47,"column":83},"end":{"line":47,"column":89}}]},"19":{"loc":{"start":{"line":47,"column":63},"end":{"line":47,"column":85}},"type":"binary-expr","locations":[{"start":{"line":47,"column":63},"end":{"line":47,"column":85}},{"start":{"line":47,"column":83},"end":{"line":47,"column":85}}]},"20":{"loc":{"start":{"line":47,"column":101},"end":{"line":47,"column":135}},"type":"cond-expr","locations":[{"start":{"line":47,"column":127},"end":{"line":47,"column":129}},{"start":{"line":47,"column":127},"end":{"line":47,"column":135}}]},"21":{"loc":{"start":{"line":47,"column":101},"end":{"line":47,"column":129}},"type":"binary-expr","locations":[{"start":{"line":47,"column":101},"end":{"line":47,"column":129}},{"start":{"line":47,"column":127},"end":{"line":47,"column":129}}]},"22":{"loc":{"start":{"line":47,"column":101},"end":{"line":47,"column":127}},"type":"cond-expr","locations":[{"start":{"line":47,"column":121},"end":{"line":47,"column":123}},{"start":{"line":47,"column":121},"end":{"line":47,"column":127}}]},"23":{"loc":{"start":{"line":47,"column":101},"end":{"line":47,"column":123}},"type":"binary-expr","locations":[{"start":{"line":47,"column":101},"end":{"line":47,"column":123}},{"start":{"line":47,"column":121},"end":{"line":47,"column":123}}]},"24":{"loc":{"start":{"line":49,"column":4},"end":{"line":82,"column":5}},"type":"if","locations":[{"start":{"line":49,"column":4},"end":{"line":82,"column":5}}]},"25":{"loc":{"start":{"line":49,"column":8},"end":{"line":49,"column":52}},"type":"binary-expr","locations":[{"start":{"line":49,"column":8},"end":{"line":49,"column":31}},{"start":{"line":49,"column":35},"end":{"line":49,"column":52}}]},"26":{"loc":{"start":{"line":50,"column":19},"end":{"line":50,"column":59}},"type":"cond-expr","locations":[{"start":{"line":50,"column":32},"end":{"line":50,"column":54}},{"start":{"line":50,"column":57},"end":{"line":50,"column":59}}]},"27":{"loc":{"start":{"line":52,"column":6},"end":{"line":52,"column":100}},"type":"if","locations":[{"start":{"line":52,"column":6},"end":{"line":52,"column":100}}]},"28":{"loc":{"start":{"line":52,"column":10},"end":{"line":52,"column":29}},"type":"binary-expr","locations":[{"start":{"line":52,"column":10},"end":{"line":52,"column":16}},{"start":{"line":52,"column":20},"end":{"line":52,"column":29}}]},"29":{"loc":{"start":{"line":61,"column":6},"end":{"line":63,"column":7}},"type":"if","locations":[{"start":{"line":61,"column":6},"end":{"line":63,"column":7}}]},"30":{"loc":{"start":{"line":61,"column":11},"end":{"line":61,"column":24}},"type":"binary-expr","locations":[{"start":{"line":61,"column":11},"end":{"line":61,"column":18}},{"start":{"line":61,"column":22},"end":{"line":61,"column":24}}]},"31":{"loc":{"start":{"line":72,"column":19},"end":{"line":72,"column":34}},"type":"binary-expr","locations":[{"start":{"line":72,"column":19},"end":{"line":72,"column":28}},{"start":{"line":72,"column":32},"end":{"line":72,"column":34}}]},"32":{"loc":{"start":{"line":73,"column":18},"end":{"line":73,"column":32}},"type":"binary-expr","locations":[{"start":{"line":73,"column":18},"end":{"line":73,"column":26}},{"start":{"line":73,"column":30},"end":{"line":73,"column":32}}]},"33":{"loc":{"start":{"line":84,"column":4},"end":{"line":104,"column":5}},"type":"if","locations":[{"start":{"line":84,"column":4},"end":{"line":104,"column":5}}]},"34":{"loc":{"start":{"line":84,"column":8},"end":{"line":84,"column":51}},"type":"binary-expr","locations":[{"start":{"line":84,"column":8},"end":{"line":84,"column":30}},{"start":{"line":84,"column":34},"end":{"line":84,"column":51}}]},"35":{"loc":{"start":{"line":85,"column":19},"end":{"line":85,"column":59}},"type":"cond-expr","locations":[{"start":{"line":85,"column":32},"end":{"line":85,"column":54}},{"start":{"line":85,"column":57},"end":{"line":85,"column":59}}]},"36":{"loc":{"start":{"line":87,"column":6},"end":{"line":87,"column":100}},"type":"if","locations":[{"start":{"line":87,"column":6},"end":{"line":87,"column":100}}]},"37":{"loc":{"start":{"line":87,"column":10},"end":{"line":87,"column":29}},"type":"binary-expr","locations":[{"start":{"line":87,"column":10},"end":{"line":87,"column":16}},{"start":{"line":87,"column":20},"end":{"line":87,"column":29}}]},"38":{"loc":{"start":{"line":96,"column":20},"end":{"line":96,"column":33}},"type":"binary-expr","locations":[{"start":{"line":96,"column":20},"end":{"line":96,"column":27}},{"start":{"line":96,"column":31},"end":{"line":96,"column":33}}]},"39":{"loc":{"start":{"line":97,"column":6},"end":{"line":97,"column":78}},"type":"if","locations":[{"start":{"line":97,"column":6},"end":{"line":97,"column":78}}]},"40":{"loc":{"start":{"line":100,"column":6},"end":{"line":100,"column":76}},"type":"if","locations":[{"start":{"line":100,"column":6},"end":{"line":100,"column":76}}]},"41":{"loc":{"start":{"line":102,"column":83},"end":{"line":102,"column":105}},"type":"binary-expr","locations":[{"start":{"line":102,"column":83},"end":{"line":102,"column":92}},{"start":{"line":102,"column":96},"end":{"line":102,"column":105}}]},"42":{"loc":{"start":{"line":106,"column":4},"end":{"line":111,"column":5}},"type":"if","locations":[{"start":{"line":106,"column":4},"end":{"line":111,"column":5}}]},"43":{"loc":{"start":{"line":106,"column":8},"end":{"line":106,"column":48}},"type":"binary-expr","locations":[{"start":{"line":106,"column":8},"end":{"line":106,"column":28}},{"start":{"line":106,"column":32},"end":{"line":106,"column":48}}]},"44":{"loc":{"start":{"line":110,"column":40},"end":{"line":110,"column":53}},"type":"binary-expr","locations":[{"start":{"line":110,"column":40},"end":{"line":110,"column":47}},{"start":{"line":110,"column":51},"end":{"line":110,"column":53}}]},"45":{"loc":{"start":{"line":113,"column":4},"end":{"line":126,"column":5}},"type":"if","locations":[{"start":{"line":113,"column":4},"end":{"line":126,"column":5}}]},"46":{"loc":{"start":{"line":113,"column":8},"end":{"line":113,"column":49}},"type":"binary-expr","locations":[{"start":{"line":113,"column":8},"end":{"line":113,"column":28}},{"start":{"line":113,"column":32},"end":{"line":113,"column":49}}]},"47":{"loc":{"start":{"line":115,"column":6},"end":{"line":115,"column":98}},"type":"if","locations":[{"start":{"line":115,"column":6},"end":{"line":115,"column":98}}]},"48":{"loc":{"start":{"line":115,"column":10},"end":{"line":115,"column":40}},"type":"binary-expr","locations":[{"start":{"line":115,"column":10},"end":{"line":115,"column":15}},{"start":{"line":115,"column":19},"end":{"line":115,"column":40}}]},"49":{"loc":{"start":{"line":116,"column":19},"end":{"line":116,"column":59}},"type":"cond-expr","locations":[{"start":{"line":116,"column":32},"end":{"line":116,"column":54}},{"start":{"line":116,"column":57},"end":{"line":116,"column":59}}]},"50":{"loc":{"start":{"line":128,"column":4},"end":{"line":138,"column":5}},"type":"if","locations":[{"start":{"line":128,"column":4},"end":{"line":138,"column":5}}]},"51":{"loc":{"start":{"line":128,"column":8},"end":{"line":128,"column":57}},"type":"binary-expr","locations":[{"start":{"line":128,"column":8},"end":{"line":128,"column":37}},{"start":{"line":128,"column":41},"end":{"line":128,"column":57}}]},"52":{"loc":{"start":{"line":129,"column":21},"end":{"line":129,"column":54}},"type":"binary-expr","locations":[{"start":{"line":129,"column":21},"end":{"line":129,"column":48}},{"start":{"line":129,"column":52},"end":{"line":129,"column":54}}]},"53":{"loc":{"start":{"line":130,"column":6},"end":{"line":130,"column":86}},"type":"if","locations":[{"start":{"line":130,"column":6},"end":{"line":130,"column":86}}]},"54":{"loc":{"start":{"line":137,"column":40},"end":{"line":137,"column":53}},"type":"binary-expr","locations":[{"start":{"line":137,"column":40},"end":{"line":137,"column":47}},{"start":{"line":137,"column":51},"end":{"line":137,"column":53}}]},"55":{"loc":{"start":{"line":141,"column":4},"end":{"line":214,"column":5}},"type":"if","locations":[{"start":{"line":141,"column":4},"end":{"line":214,"column":5}}]},"56":{"loc":{"start":{"line":143,"column":18},"end":{"line":143,"column":41}},"type":"binary-expr","locations":[{"start":{"line":143,"column":18},"end":{"line":143,"column":35}},{"start":{"line":143,"column":39},"end":{"line":143,"column":41}}]},"57":{"loc":{"start":{"line":145,"column":6},"end":{"line":151,"column":7}},"type":"if","locations":[{"start":{"line":145,"column":6},"end":{"line":151,"column":7}}]},"58":{"loc":{"start":{"line":145,"column":10},"end":{"line":145,"column":40}},"type":"binary-expr","locations":[{"start":{"line":145,"column":10},"end":{"line":145,"column":20}},{"start":{"line":145,"column":24},"end":{"line":145,"column":40}}]},"59":{"loc":{"start":{"line":147,"column":8},"end":{"line":147,"column":72}},"type":"if","locations":[{"start":{"line":147,"column":8},"end":{"line":147,"column":72}}]},"60":{"loc":{"start":{"line":153,"column":6},"end":{"line":179,"column":7}},"type":"if","locations":[{"start":{"line":153,"column":6},"end":{"line":179,"column":7}}]},"61":{"loc":{"start":{"line":153,"column":10},"end":{"line":153,"column":40}},"type":"binary-expr","locations":[{"start":{"line":153,"column":10},"end":{"line":153,"column":20}},{"start":{"line":153,"column":24},"end":{"line":153,"column":40}}]},"62":{"loc":{"start":{"line":155,"column":8},"end":{"line":155,"column":74}},"type":"if","locations":[{"start":{"line":155,"column":8},"end":{"line":155,"column":74}}]},"63":{"loc":{"start":{"line":156,"column":21},"end":{"line":156,"column":61}},"type":"cond-expr","locations":[{"start":{"line":156,"column":34},"end":{"line":156,"column":56}},{"start":{"line":156,"column":59},"end":{"line":156,"column":61}}]},"64":{"loc":{"start":{"line":169,"column":8},"end":{"line":169,"column":99}},"type":"if","locations":[{"start":{"line":169,"column":8},"end":{"line":169,"column":99}}]},"65":{"loc":{"start":{"line":181,"column":6},"end":{"line":186,"column":7}},"type":"if","locations":[{"start":{"line":181,"column":6},"end":{"line":186,"column":7}}]},"66":{"loc":{"start":{"line":181,"column":10},"end":{"line":181,"column":43}},"type":"binary-expr","locations":[{"start":{"line":181,"column":10},"end":{"line":181,"column":20}},{"start":{"line":181,"column":24},"end":{"line":181,"column":43}}]},"67":{"loc":{"start":{"line":183,"column":8},"end":{"line":183,"column":100}},"type":"if","locations":[{"start":{"line":183,"column":8},"end":{"line":183,"column":100}}]},"68":{"loc":{"start":{"line":183,"column":12},"end":{"line":183,"column":42}},"type":"binary-expr","locations":[{"start":{"line":183,"column":12},"end":{"line":183,"column":17}},{"start":{"line":183,"column":21},"end":{"line":183,"column":42}}]},"69":{"loc":{"start":{"line":188,"column":6},"end":{"line":192,"column":7}},"type":"if","locations":[{"start":{"line":188,"column":6},"end":{"line":192,"column":7}}]},"70":{"loc":{"start":{"line":188,"column":10},"end":{"line":188,"column":47}},"type":"binary-expr","locations":[{"start":{"line":188,"column":10},"end":{"line":188,"column":27}},{"start":{"line":188,"column":31},"end":{"line":188,"column":47}}]},"71":{"loc":{"start":{"line":190,"column":8},"end":{"line":190,"column":72}},"type":"if","locations":[{"start":{"line":190,"column":8},"end":{"line":190,"column":72}}]},"72":{"loc":{"start":{"line":191,"column":43},"end":{"line":191,"column":62}},"type":"binary-expr","locations":[{"start":{"line":191,"column":43},"end":{"line":191,"column":56}},{"start":{"line":191,"column":60},"end":{"line":191,"column":62}}]},"73":{"loc":{"start":{"line":194,"column":6},"end":{"line":213,"column":7}},"type":"if","locations":[{"start":{"line":194,"column":6},"end":{"line":213,"column":7}}]},"74":{"loc":{"start":{"line":194,"column":10},"end":{"line":194,"column":49}},"type":"binary-expr","locations":[{"start":{"line":194,"column":10},"end":{"line":194,"column":28}},{"start":{"line":194,"column":32},"end":{"line":194,"column":49}}]},"75":{"loc":{"start":{"line":196,"column":8},"end":{"line":196,"column":74}},"type":"if","locations":[{"start":{"line":196,"column":8},"end":{"line":196,"column":74}}]},"76":{"loc":{"start":{"line":197,"column":21},"end":{"line":197,"column":61}},"type":"cond-expr","locations":[{"start":{"line":197,"column":34},"end":{"line":197,"column":56}},{"start":{"line":197,"column":59},"end":{"line":197,"column":61}}]}},"s":{"0":3,"1":3,"2":3,"3":3,"4":3,"5":3,"6":3,"7":3,"8":3,"9":3,"10":33,"11":8,"12":8,"13":3,"14":5,"15":5,"16":0,"17":5,"18":5,"19":0,"20":3,"21":33,"22":33,"23":33,"24":33,"25":10,"26":10,"27":10,"28":2,"29":8,"30":8,"31":1,"32":7,"33":7,"34":7,"35":7,"36":7,"37":7,"38":7,"39":23,"40":5,"41":5,"42":5,"43":2,"44":3,"45":3,"46":3,"47":1,"48":2,"49":2,"50":1,"51":1,"52":1,"53":18,"54":3,"55":3,"56":3,"57":15,"58":3,"59":3,"60":2,"61":1,"62":1,"63":1,"64":1,"65":1,"66":1,"67":12,"68":3,"69":3,"70":1,"71":2,"72":2,"73":9,"74":9,"75":9,"76":9,"77":9,"78":4,"79":4,"80":1,"81":3,"82":3,"83":3,"84":5,"85":0,"86":0,"87":0,"88":0,"89":0,"90":0,"91":0,"92":0,"93":0,"94":0,"95":0,"96":0,"97":0,"98":0,"99":0,"100":0,"101":0,"102":0,"103":0,"104":0,"105":5,"106":0,"107":0,"108":0,"109":0,"110":0,"111":5,"112":3,"113":3,"114":1,"115":2,"116":2,"117":2,"118":2,"119":1,"120":1,"121":1,"122":1,"123":1,"124":0,"125":0,"126":0,"127":3},"f":{"0":33,"1":8,"2":33},"b":{"0":[3,0],"1":[3,0],"2":[3],"3":[8,8],"4":[0,8],"5":[8,8],"6":[0,8],"7":[8,8],"8":[3],"9":[0],"10":[33,0,0],"11":[0,0],"12":[0,0],"13":[33,0,0],"14":[0,33],"15":[33,33],"16":[0,0],"17":[0,0],"18":[0,0],"19":[0,0],"20":[0,0],"21":[0,0],"22":[0,0],"23":[0,0],"24":[10],"25":[33,10],"26":[10,0],"27":[2],"28":[10,9],"29":[1],"30":[8,0],"31":[7,1],"32":[7,1],"33":[5],"34":[23,5],"35":[5,0],"36":[2],"37":[5,4],"38":[3,0],"39":[1],"40":[1],"41":[1,0],"42":[3],"43":[18,6],"44":[3,0],"45":[3],"46":[15,3],"47":[2],"48":[3,2],"49":[1,0],"50":[3],"51":[12,3],"52":[3,1],"53":[1],"54":[2,0],"55":[9],"56":[9,4],"57":[4],"58":[9,4],"59":[1],"60":[0],"61":[5,0],"62":[0],"63":[0,0],"64":[0],"65":[0],"66":[5,0],"67":[0],"68":[0,0],"69":[3],"70":[5,3],"71":[1],"72":[2,0],"73":[2],"74":[2,2],"75":[1],"76":[1,0]}}
,"/Users/prabuv/MentalHealthProject/backend-initial/src/lambdas/patients/tests/test-helpers.ts": {"path":"/Users/prabuv/MentalHealthProject/backend-initial/src/lambdas/patients/tests/test-helpers.ts","statementMap":{"0":{"start":{"line":1,"column":0},"end":{"line":1,"column":58}},"1":{"start":{"line":2,"column":0},"end":{"line":2,"column":78}},"2":{"start":{"line":3,"column":0},"end":{"line":3,"column":36}},"3":{"start":{"line":7,"column":37},"end":{"line":18,"column":1}},"4":{"start":{"line":8,"column":17},"end":{"line":15,"column":4}},"5":{"start":{"line":17,"column":2},"end":{"line":17,"column":45}},"6":{"start":{"line":7,"column":13},"end":{"line":7,"column":37}},"7":{"start":{"line":21,"column":41},"end":{"line":56,"column":1}},"8":{"start":{"line":28,"column":2},"end":{"line":55,"column":30}},"9":{"start":{"line":21,"column":13},"end":{"line":21,"column":41}},"10":{"start":{"line":59,"column":35},"end":{"line":67,"column":1}},"11":{"start":{"line":60,"column":2},"end":{"line":66,"column":4}},"12":{"start":{"line":59,"column":13},"end":{"line":59,"column":35}},"13":{"start":{"line":69,"column":33},"end":{"line":71,"column":1}},"14":{"start":{"line":70,"column":2},"end":{"line":70,"column":68}},"15":{"start":{"line":69,"column":13},"end":{"line":69,"column":33}},"16":{"start":{"line":74,"column":36},"end":{"line":81,"column":1}},"17":{"start":{"line":75,"column":2},"end":{"line":75,"column":47}},"18":{"start":{"line":76,"column":2},"end":{"line":76,"column":41}},"19":{"start":{"line":77,"column":2},"end":{"line":77,"column":39}},"20":{"start":{"line":78,"column":2},"end":{"line":78,"column":58}},"21":{"start":{"line":79,"column":2},"end":{"line":79,"column":42}},"22":{"start":{"line":80,"column":2},"end":{"line":80,"column":46}},"23":{"start":{"line":74,"column":13},"end":{"line":74,"column":36}},"24":{"start":{"line":84,"column":31},"end":{"line":95,"column":1}},"25":{"start":{"line":85,"column":2},"end":{"line":94,"column":3}},"26":{"start":{"line":86,"column":4},"end":{"line":93,"column":5}},"27":{"start":{"line":87,"column":6},"end":{"line":90,"column":10}},"28":{"start":{"line":92,"column":6},"end":{"line":92,"column":66}},"29":{"start":{"line":84,"column":13},"end":{"line":84,"column":31}}},"fnMap":{"0":{"name":"(anonymous_0)","decl":{"start":{"line":7,"column":37},"end":{"line":7,"column":40}},"loc":{"start":{"line":7,"column":42},"end":{"line":18,"column":1}}},"1":{"name":"(anonymous_1)","decl":{"start":{"line":21,"column":41},"end":{"line":21,"column":null}},"loc":{"start":{"line":27,"column":28},"end":{"line":56,"column":1}}},"2":{"name":"(anonymous_2)","decl":{"start":{"line":59,"column":35},"end":{"line":59,"column":36}},"loc":{"start":{"line":59,"column":59},"end":{"line":67,"column":1}}},"3":{"name":"(anonymous_3)","decl":{"start":{"line":69,"column":33},"end":{"line":69,"column":34}},"loc":{"start":{"line":69,"column":50},"end":{"line":71,"column":1}}},"4":{"name":"(anonymous_4)","decl":{"start":{"line":74,"column":36},"end":{"line":74,"column":39}},"loc":{"start":{"line":74,"column":41},"end":{"line":81,"column":1}}},"5":{"name":"(anonymous_5)","decl":{"start":{"line":84,"column":31},"end":{"line":84,"column":36}},"loc":{"start":{"line":84,"column":72},"end":{"line":95,"column":1}}}},"branchMap":{"0":{"loc":{"start":{"line":33,"column":13},"end":{"line":33,"column":26}},"type":"binary-expr","locations":[{"start":{"line":33,"column":13},"end":{"line":33,"column":20}},{"start":{"line":33,"column":24},"end":{"line":33,"column":26}}]},"1":{"loc":{"start":{"line":34,"column":27},"end":{"line":34,"column":61}},"type":"binary-expr","locations":[{"start":{"line":34,"column":27},"end":{"line":34,"column":48}},{"start":{"line":34,"column":52},"end":{"line":34,"column":61}}]},"2":{"loc":{"start":{"line":53,"column":10},"end":{"line":53,"column":49}},"type":"cond-expr","locations":[{"start":{"line":53,"column":17},"end":{"line":53,"column":37}},{"start":{"line":53,"column":40},"end":{"line":53,"column":49}}]},"3":{"loc":{"start":{"line":59,"column":36},"end":{"line":59,"column":55}},"type":"default-arg","locations":[{"start":{"line":59,"column":53},"end":{"line":59,"column":55}}]},"4":{"loc":{"start":{"line":70,"column":27},"end":{"line":70,"column":66}},"type":"binary-expr","locations":[{"start":{"line":70,"column":27},"end":{"line":70,"column":49}},{"start":{"line":70,"column":53},"end":{"line":70,"column":66}}]}},"s":{"0":3,"1":3,"2":3,"3":3,"4":3,"5":3,"6":3,"7":3,"8":33,"9":3,"10":3,"11":16,"12":3,"13":3,"14":4,"15":3,"16":3,"17":3,"18":3,"19":3,"20":3,"21":3,"22":3,"23":3,"24":3,"25":3,"26":15,"27":15,"28":0,"29":3},"f":{"0":3,"1":33,"2":16,"3":4,"4":3,"5":3},"b":{"0":[33,26],"1":[33,31],"2":[20,13],"3":[11],"4":[4,0]}}
}
