TN:
SF:cdk/cdk.out/asset.8f4e9295b66feb5f7046aac8ce82b7166d6ef93ba0d7aafe2acb6ddff359ac50/src/config.ts
FN:4,(anonymous_0)
FNF:1
FNH:1
FNDA:3,(anonymous_0)
DA:1,3
DA:2,3
DA:4,3
DA:5,3
DA:14,3
LF:5
LH:5
BRDA:7,0,0,3
BRDA:7,0,1,0
BRDA:9,1,0,3
BRDA:9,1,1,0
BRDA:10,2,0,3
BRDA:10,2,1,0
BRF:6
BRH:3
end_of_record
TN:
SF:cdk/cdk.out/asset.8f4e9295b66feb5f7046aac8ce82b7166d6ef93ba0d7aafe2acb6ddff359ac50/src/handler.ts
FN:25,jsonResponse
FN:33,verifyAuth
FN:45,(anonymous_2)
FNF:3
FNH:3
FNDA:33,jsonResponse
FNDA:8,verifyAuth
FNDA:33,(anonymous_2)
DA:2,3
DA:10,3
DA:11,3
DA:12,3
DA:13,3
DA:15,3
DA:16,3
DA:18,3
DA:21,3
DA:22,3
DA:26,33
DA:34,8
DA:35,8
DA:36,5
DA:37,5
DA:38,5
DA:39,5
DA:41,0
DA:45,3
DA:46,33
DA:47,33
DA:48,33
DA:49,33
DA:50,10
DA:51,10
DA:52,10
DA:54,8
DA:61,8
DA:62,1
DA:65,7
DA:66,7
DA:67,7
DA:68,7
DA:79,7
DA:80,7
DA:81,7
DA:84,23
DA:85,5
DA:86,5
DA:87,5
DA:89,3
DA:96,3
DA:97,3
DA:99,2
DA:100,2
DA:102,1
DA:103,1
DA:106,18
DA:107,3
DA:108,3
DA:109,1
DA:110,1
DA:113,15
DA:114,3
DA:115,3
DA:116,1
DA:117,1
DA:118,1
DA:119,1
DA:124,1
DA:125,1
DA:128,12
DA:129,3
DA:130,3
DA:131,2
DA:137,2
DA:140,9
DA:141,9
DA:142,9
DA:143,9
DA:145,9
DA:146,4
DA:147,4
DA:148,3
DA:149,3
DA:150,3
DA:153,5
DA:154,0
DA:155,0
DA:156,0
DA:157,0
DA:158,0
DA:159,0
DA:160,0
DA:161,0
DA:162,0
DA:163,0
DA:164,0
DA:165,0
DA:166,0
DA:167,0
DA:169,0
DA:170,0
DA:171,0
DA:178,0
DA:181,5
DA:182,0
DA:183,0
DA:184,0
DA:185,0
DA:188,5
DA:189,3
DA:190,3
DA:191,2
DA:194,2
DA:195,2
DA:196,2
DA:197,1
DA:198,1
DA:203,1
DA:212,1
DA:216,0
DA:218,0
DA:219,0
LF:114
LH:88
BRDA:15,0,0,3
BRDA:15,0,1,0
BRDA:16,1,0,3
BRDA:16,1,1,0
BRDA:21,2,0,3
BRDA:34,3,0,8
BRDA:34,3,1,8
BRDA:34,4,0,0
BRDA:34,4,1,8
BRDA:34,5,0,8
BRDA:34,5,1,8
BRDA:34,6,0,0
BRDA:34,6,1,8
BRDA:34,7,0,8
BRDA:34,7,1,8
BRDA:35,8,0,3
BRDA:37,9,0,0
BRDA:46,10,0,33
BRDA:46,10,1,0
BRDA:46,10,2,0
BRDA:46,11,0,0
BRDA:46,11,1,0
BRDA:46,12,0,0
BRDA:46,12,1,0
BRDA:47,13,0,33
BRDA:47,13,1,0
BRDA:47,13,2,0
BRDA:47,14,0,0
BRDA:47,14,1,33
BRDA:47,15,0,33
BRDA:47,15,1,33
BRDA:47,16,0,0
BRDA:47,16,1,0
BRDA:47,17,0,0
BRDA:47,17,1,0
BRDA:47,18,0,0
BRDA:47,18,1,0
BRDA:47,19,0,0
BRDA:47,19,1,0
BRDA:47,20,0,0
BRDA:47,20,1,0
BRDA:47,21,0,0
BRDA:47,21,1,0
BRDA:47,22,0,0
BRDA:47,22,1,0
BRDA:47,23,0,0
BRDA:47,23,1,0
BRDA:49,24,0,10
BRDA:49,25,0,33
BRDA:49,25,1,10
BRDA:50,26,0,10
BRDA:50,26,1,0
BRDA:52,27,0,2
BRDA:52,28,0,10
BRDA:52,28,1,9
BRDA:61,29,0,1
BRDA:61,30,0,8
BRDA:61,30,1,0
BRDA:72,31,0,7
BRDA:72,31,1,1
BRDA:73,32,0,7
BRDA:73,32,1,1
BRDA:84,33,0,5
BRDA:84,34,0,23
BRDA:84,34,1,5
BRDA:85,35,0,5
BRDA:85,35,1,0
BRDA:87,36,0,2
BRDA:87,37,0,5
BRDA:87,37,1,4
BRDA:96,38,0,3
BRDA:96,38,1,0
BRDA:97,39,0,1
BRDA:100,40,0,1
BRDA:102,41,0,1
BRDA:102,41,1,0
BRDA:106,42,0,3
BRDA:106,43,0,18
BRDA:106,43,1,6
BRDA:108,44,0,2
BRDA:108,45,0,3
BRDA:108,45,1,2
BRDA:110,46,0,1
BRDA:110,46,1,0
BRDA:113,47,0,3
BRDA:113,48,0,15
BRDA:113,48,1,3
BRDA:115,49,0,2
BRDA:115,50,0,3
BRDA:115,50,1,2
BRDA:116,51,0,1
BRDA:116,51,1,0
BRDA:128,52,0,3
BRDA:128,53,0,12
BRDA:128,53,1,3
BRDA:129,54,0,3
BRDA:129,54,1,1
BRDA:130,55,0,1
BRDA:137,56,0,2
BRDA:137,56,1,0
BRDA:141,57,0,9
BRDA:143,58,0,9
BRDA:143,58,1,4
BRDA:145,59,0,4
BRDA:145,60,0,9
BRDA:145,60,1,4
BRDA:147,61,0,1
BRDA:153,62,0,0
BRDA:153,63,0,5
BRDA:153,63,1,0
BRDA:155,64,0,0
BRDA:156,65,0,0
BRDA:156,65,1,0
BRDA:169,66,0,0
BRDA:181,67,0,0
BRDA:181,68,0,5
BRDA:181,68,1,0
BRDA:183,69,0,0
BRDA:183,70,0,0
BRDA:183,70,1,0
BRDA:188,71,0,3
BRDA:188,72,0,5
BRDA:188,72,1,3
BRDA:190,73,0,1
BRDA:191,74,0,2
BRDA:191,74,1,0
BRDA:194,75,0,2
BRDA:194,76,0,2
BRDA:194,76,1,2
BRDA:196,77,0,1
BRDA:197,78,0,1
BRDA:197,78,1,0
BRF:132
BRH:81
end_of_record
TN:
SF:cdk/cdk.out/asset.8f4e9295b66feb5f7046aac8ce82b7166d6ef93ba0d7aafe2acb6ddff359ac50/tests/test-helpers.ts
FN:7,(anonymous_0)
FN:21,(anonymous_1)
FN:59,(anonymous_2)
FN:69,(anonymous_3)
FN:74,(anonymous_4)
FN:84,(anonymous_5)
FNF:6
FNH:6
FNDA:3,(anonymous_0)
FNDA:33,(anonymous_1)
FNDA:16,(anonymous_2)
FNDA:4,(anonymous_3)
FNDA:3,(anonymous_4)
FNDA:3,(anonymous_5)
DA:1,3
DA:2,3
DA:3,3
DA:7,3
DA:8,3
DA:17,3
DA:21,3
DA:28,33
DA:59,3
DA:60,16
DA:69,3
DA:70,4
DA:74,3
DA:75,3
DA:76,3
DA:77,3
DA:78,3
DA:79,3
DA:80,3
DA:84,3
DA:85,3
DA:86,15
DA:87,15
DA:92,0
LF:24
LH:23
BRDA:33,0,0,33
BRDA:33,0,1,26
BRDA:34,1,0,33
BRDA:34,1,1,31
BRDA:53,2,0,20
BRDA:53,2,1,13
BRDA:59,3,0,11
BRDA:70,4,0,4
BRDA:70,4,1,0
BRF:9
BRH:8
end_of_record
TN:
SF:cdk/cdk.out/asset.cda8ddbd93c4893bed6d89f20dca44c82caedb1ddeef8925da54023a97cfbece/src/config.ts
FN:4,(anonymous_0)
FNF:1
FNH:1
FNDA:3,(anonymous_0)
DA:1,3
DA:2,3
DA:4,3
DA:5,3
DA:14,3
LF:5
LH:5
BRDA:7,0,0,3
BRDA:7,0,1,0
BRDA:9,1,0,3
BRDA:9,1,1,0
BRDA:10,2,0,3
BRDA:10,2,1,0
BRF:6
BRH:3
end_of_record
TN:
SF:cdk/cdk.out/asset.cda8ddbd93c4893bed6d89f20dca44c82caedb1ddeef8925da54023a97cfbece/src/handler.ts
FN:25,jsonResponse
FN:33,verifyAuth
FN:45,(anonymous_2)
FNF:3
FNH:3
FNDA:33,jsonResponse
FNDA:8,verifyAuth
FNDA:33,(anonymous_2)
DA:2,3
DA:10,3
DA:11,3
DA:12,3
DA:13,3
DA:15,3
DA:16,3
DA:18,3
DA:21,3
DA:22,3
DA:26,33
DA:34,8
DA:35,8
DA:36,5
DA:37,5
DA:38,5
DA:39,5
DA:41,0
DA:45,3
DA:46,33
DA:47,33
DA:48,33
DA:49,33
DA:50,10
DA:51,10
DA:52,10
DA:54,8
DA:61,8
DA:62,1
DA:65,7
DA:66,7
DA:67,7
DA:68,7
DA:79,7
DA:80,7
DA:81,7
DA:84,23
DA:85,5
DA:86,5
DA:87,5
DA:89,3
DA:96,3
DA:97,3
DA:99,2
DA:100,2
DA:102,1
DA:103,1
DA:106,18
DA:107,3
DA:109,3
DA:110,3
DA:113,15
DA:114,3
DA:115,3
DA:116,1
DA:117,1
DA:118,1
DA:119,1
DA:124,1
DA:125,1
DA:128,12
DA:129,3
DA:130,3
DA:131,2
DA:137,2
DA:140,9
DA:141,9
DA:142,9
DA:143,9
DA:145,9
DA:146,4
DA:147,4
DA:148,3
DA:149,3
DA:150,3
DA:153,5
DA:154,0
DA:155,0
DA:156,0
DA:157,0
DA:158,0
DA:159,0
DA:160,0
DA:161,0
DA:162,0
DA:163,0
DA:164,0
DA:165,0
DA:166,0
DA:167,0
DA:169,0
DA:170,0
DA:171,0
DA:178,0
DA:181,5
DA:182,0
DA:183,0
DA:184,0
DA:185,0
DA:188,5
DA:189,3
DA:190,3
DA:191,2
DA:194,2
DA:195,2
DA:196,2
DA:197,1
DA:198,1
DA:203,1
DA:212,1
DA:216,0
DA:218,0
DA:219,0
LF:113
LH:87
BRDA:15,0,0,3
BRDA:15,0,1,0
BRDA:16,1,0,3
BRDA:16,1,1,0
BRDA:21,2,0,3
BRDA:34,3,0,8
BRDA:34,3,1,8
BRDA:34,4,0,0
BRDA:34,4,1,8
BRDA:34,5,0,8
BRDA:34,5,1,8
BRDA:34,6,0,0
BRDA:34,6,1,8
BRDA:34,7,0,8
BRDA:34,7,1,8
BRDA:35,8,0,3
BRDA:37,9,0,0
BRDA:46,10,0,33
BRDA:46,10,1,0
BRDA:46,10,2,0
BRDA:46,11,0,0
BRDA:46,11,1,0
BRDA:46,12,0,0
BRDA:46,12,1,0
BRDA:47,13,0,33
BRDA:47,13,1,0
BRDA:47,13,2,0
BRDA:47,14,0,0
BRDA:47,14,1,33
BRDA:47,15,0,33
BRDA:47,15,1,33
BRDA:47,16,0,0
BRDA:47,16,1,0
BRDA:47,17,0,0
BRDA:47,17,1,0
BRDA:47,18,0,0
BRDA:47,18,1,0
BRDA:47,19,0,0
BRDA:47,19,1,0
BRDA:47,20,0,0
BRDA:47,20,1,0
BRDA:47,21,0,0
BRDA:47,21,1,0
BRDA:47,22,0,0
BRDA:47,22,1,0
BRDA:47,23,0,0
BRDA:47,23,1,0
BRDA:49,24,0,10
BRDA:49,25,0,33
BRDA:49,25,1,10
BRDA:50,26,0,10
BRDA:50,26,1,0
BRDA:52,27,0,2
BRDA:52,28,0,10
BRDA:52,28,1,9
BRDA:61,29,0,1
BRDA:61,30,0,8
BRDA:61,30,1,0
BRDA:72,31,0,7
BRDA:72,31,1,1
BRDA:73,32,0,7
BRDA:73,32,1,1
BRDA:84,33,0,5
BRDA:84,34,0,23
BRDA:84,34,1,5
BRDA:85,35,0,5
BRDA:85,35,1,0
BRDA:87,36,0,2
BRDA:87,37,0,5
BRDA:87,37,1,4
BRDA:96,38,0,3
BRDA:96,38,1,0
BRDA:97,39,0,1
BRDA:100,40,0,1
BRDA:102,41,0,1
BRDA:102,41,1,0
BRDA:106,42,0,3
BRDA:106,43,0,18
BRDA:106,43,1,6
BRDA:110,44,0,3
BRDA:110,44,1,0
BRDA:113,45,0,3
BRDA:113,46,0,15
BRDA:113,46,1,3
BRDA:115,47,0,2
BRDA:115,48,0,3
BRDA:115,48,1,2
BRDA:116,49,0,1
BRDA:116,49,1,0
BRDA:128,50,0,3
BRDA:128,51,0,12
BRDA:128,51,1,3
BRDA:129,52,0,3
BRDA:129,52,1,1
BRDA:130,53,0,1
BRDA:137,54,0,2
BRDA:137,54,1,0
BRDA:141,55,0,9
BRDA:143,56,0,9
BRDA:143,56,1,4
BRDA:145,57,0,4
BRDA:145,58,0,9
BRDA:145,58,1,4
BRDA:147,59,0,1
BRDA:153,60,0,0
BRDA:153,61,0,5
BRDA:153,61,1,0
BRDA:155,62,0,0
BRDA:156,63,0,0
BRDA:156,63,1,0
BRDA:169,64,0,0
BRDA:181,65,0,0
BRDA:181,66,0,5
BRDA:181,66,1,0
BRDA:183,67,0,0
BRDA:183,68,0,0
BRDA:183,68,1,0
BRDA:188,69,0,3
BRDA:188,70,0,5
BRDA:188,70,1,3
BRDA:190,71,0,1
BRDA:191,72,0,2
BRDA:191,72,1,0
BRDA:194,73,0,2
BRDA:194,74,0,2
BRDA:194,74,1,2
BRDA:196,75,0,1
BRDA:197,76,0,1
BRDA:197,76,1,0
BRF:129
BRH:78
end_of_record
TN:
SF:cdk/cdk.out/asset.cda8ddbd93c4893bed6d89f20dca44c82caedb1ddeef8925da54023a97cfbece/tests/test-helpers.ts
FN:7,(anonymous_0)
FN:21,(anonymous_1)
FN:59,(anonymous_2)
FN:69,(anonymous_3)
FN:74,(anonymous_4)
FN:84,(anonymous_5)
FNF:6
FNH:6
FNDA:3,(anonymous_0)
FNDA:33,(anonymous_1)
FNDA:16,(anonymous_2)
FNDA:4,(anonymous_3)
FNDA:3,(anonymous_4)
FNDA:3,(anonymous_5)
DA:1,3
DA:2,3
DA:3,3
DA:7,3
DA:8,3
DA:17,3
DA:21,3
DA:28,33
DA:59,3
DA:60,16
DA:69,3
DA:70,4
DA:74,3
DA:75,3
DA:76,3
DA:77,3
DA:78,3
DA:79,3
DA:80,3
DA:84,3
DA:85,3
DA:86,15
DA:87,15
DA:92,0
LF:24
LH:23
BRDA:33,0,0,33
BRDA:33,0,1,26
BRDA:34,1,0,33
BRDA:34,1,1,31
BRDA:53,2,0,20
BRDA:53,2,1,13
BRDA:59,3,0,11
BRDA:70,4,0,4
BRDA:70,4,1,0
BRF:9
BRH:8
end_of_record
TN:
SF:cdk/cdk.out/asset.fcd2bd36ee4b20567c3594e7cf3396d266dec1addfc8a378be90b462aa54c8f3/src/config.ts
FN:4,(anonymous_0)
FNF:1
FNH:1
FNDA:3,(anonymous_0)
DA:1,3
DA:2,3
DA:4,3
DA:5,3
DA:14,3
LF:5
LH:5
BRDA:7,0,0,3
BRDA:7,0,1,0
BRDA:9,1,0,3
BRDA:9,1,1,0
BRDA:10,2,0,3
BRDA:10,2,1,0
BRF:6
BRH:3
end_of_record
TN:
SF:cdk/cdk.out/asset.fcd2bd36ee4b20567c3594e7cf3396d266dec1addfc8a378be90b462aa54c8f3/src/handler.ts
FN:25,jsonResponse
FN:33,verifyAuth
FN:45,(anonymous_2)
FNF:3
FNH:3
FNDA:33,jsonResponse
FNDA:8,verifyAuth
FNDA:33,(anonymous_2)
DA:2,3
DA:10,3
DA:11,3
DA:12,3
DA:13,3
DA:15,3
DA:16,3
DA:18,3
DA:21,3
DA:22,3
DA:26,33
DA:34,8
DA:35,8
DA:36,5
DA:37,5
DA:38,5
DA:39,5
DA:41,0
DA:45,3
DA:46,33
DA:47,33
DA:48,33
DA:49,33
DA:50,10
DA:51,10
DA:52,10
DA:54,8
DA:61,8
DA:62,1
DA:65,7
DA:66,7
DA:67,7
DA:68,7
DA:79,7
DA:80,7
DA:81,7
DA:84,23
DA:85,5
DA:86,5
DA:87,5
DA:89,3
DA:96,3
DA:97,3
DA:99,2
DA:100,2
DA:102,1
DA:103,1
DA:106,18
DA:107,3
DA:108,3
DA:109,2
DA:110,2
DA:113,15
DA:114,3
DA:115,3
DA:116,1
DA:117,1
DA:118,1
DA:119,1
DA:124,1
DA:125,1
DA:128,12
DA:129,3
DA:130,3
DA:131,2
DA:137,2
DA:140,9
DA:141,9
DA:142,9
DA:143,9
DA:145,9
DA:146,4
DA:147,4
DA:148,3
DA:149,3
DA:150,3
DA:153,5
DA:154,0
DA:155,0
DA:156,0
DA:157,0
DA:158,0
DA:159,0
DA:160,0
DA:161,0
DA:162,0
DA:163,0
DA:164,0
DA:165,0
DA:166,0
DA:167,0
DA:169,0
DA:170,0
DA:171,0
DA:178,0
DA:181,5
DA:182,0
DA:183,0
DA:184,0
DA:185,0
DA:188,5
DA:189,3
DA:190,3
DA:191,2
DA:194,2
DA:195,2
DA:196,2
DA:197,1
DA:198,1
DA:203,1
DA:212,1
DA:216,0
DA:218,0
DA:219,0
LF:114
LH:88
BRDA:15,0,0,3
BRDA:15,0,1,0
BRDA:16,1,0,3
BRDA:16,1,1,0
BRDA:21,2,0,3
BRDA:34,3,0,8
BRDA:34,3,1,8
BRDA:34,4,0,0
BRDA:34,4,1,8
BRDA:34,5,0,8
BRDA:34,5,1,8
BRDA:34,6,0,0
BRDA:34,6,1,8
BRDA:34,7,0,8
BRDA:34,7,1,8
BRDA:35,8,0,3
BRDA:37,9,0,0
BRDA:46,10,0,33
BRDA:46,10,1,0
BRDA:46,10,2,0
BRDA:46,11,0,0
BRDA:46,11,1,0
BRDA:46,12,0,0
BRDA:46,12,1,0
BRDA:47,13,0,33
BRDA:47,13,1,0
BRDA:47,13,2,0
BRDA:47,14,0,0
BRDA:47,14,1,33
BRDA:47,15,0,33
BRDA:47,15,1,33
BRDA:47,16,0,0
BRDA:47,16,1,0
BRDA:47,17,0,0
BRDA:47,17,1,0
BRDA:47,18,0,0
BRDA:47,18,1,0
BRDA:47,19,0,0
BRDA:47,19,1,0
BRDA:47,20,0,0
BRDA:47,20,1,0
BRDA:47,21,0,0
BRDA:47,21,1,0
BRDA:47,22,0,0
BRDA:47,22,1,0
BRDA:47,23,0,0
BRDA:47,23,1,0
BRDA:49,24,0,10
BRDA:49,25,0,33
BRDA:49,25,1,10
BRDA:50,26,0,10
BRDA:50,26,1,0
BRDA:52,27,0,2
BRDA:52,28,0,10
BRDA:52,28,1,9
BRDA:61,29,0,1
BRDA:61,30,0,8
BRDA:61,30,1,0
BRDA:72,31,0,7
BRDA:72,31,1,1
BRDA:73,32,0,7
BRDA:73,32,1,1
BRDA:84,33,0,5
BRDA:84,34,0,23
BRDA:84,34,1,5
BRDA:85,35,0,5
BRDA:85,35,1,0
BRDA:87,36,0,2
BRDA:87,37,0,5
BRDA:87,37,1,4
BRDA:96,38,0,3
BRDA:96,38,1,0
BRDA:97,39,0,1
BRDA:100,40,0,1
BRDA:102,41,0,1
BRDA:102,41,1,0
BRDA:106,42,0,3
BRDA:106,43,0,18
BRDA:106,43,1,6
BRDA:108,44,0,1
BRDA:110,45,0,2
BRDA:110,45,1,0
BRDA:113,46,0,3
BRDA:113,47,0,15
BRDA:113,47,1,3
BRDA:115,48,0,2
BRDA:115,49,0,3
BRDA:115,49,1,2
BRDA:116,50,0,1
BRDA:116,50,1,0
BRDA:128,51,0,3
BRDA:128,52,0,12
BRDA:128,52,1,3
BRDA:129,53,0,3
BRDA:129,53,1,1
BRDA:130,54,0,1
BRDA:137,55,0,2
BRDA:137,55,1,0
BRDA:141,56,0,9
BRDA:143,57,0,9
BRDA:143,57,1,4
BRDA:145,58,0,4
BRDA:145,59,0,9
BRDA:145,59,1,4
BRDA:147,60,0,1
BRDA:153,61,0,0
BRDA:153,62,0,5
BRDA:153,62,1,0
BRDA:155,63,0,0
BRDA:156,64,0,0
BRDA:156,64,1,0
BRDA:169,65,0,0
BRDA:181,66,0,0
BRDA:181,67,0,5
BRDA:181,67,1,0
BRDA:183,68,0,0
BRDA:183,69,0,0
BRDA:183,69,1,0
BRDA:188,70,0,3
BRDA:188,71,0,5
BRDA:188,71,1,3
BRDA:190,72,0,1
BRDA:191,73,0,2
BRDA:191,73,1,0
BRDA:194,74,0,2
BRDA:194,75,0,2
BRDA:194,75,1,2
BRDA:196,76,0,1
BRDA:197,77,0,1
BRDA:197,77,1,0
BRF:130
BRH:79
end_of_record
TN:
SF:cdk/cdk.out/asset.fcd2bd36ee4b20567c3594e7cf3396d266dec1addfc8a378be90b462aa54c8f3/tests/test-helpers.ts
FN:7,(anonymous_0)
FN:21,(anonymous_1)
FN:59,(anonymous_2)
FN:69,(anonymous_3)
FN:74,(anonymous_4)
FN:84,(anonymous_5)
FNF:6
FNH:6
FNDA:3,(anonymous_0)
FNDA:33,(anonymous_1)
FNDA:16,(anonymous_2)
FNDA:4,(anonymous_3)
FNDA:3,(anonymous_4)
FNDA:3,(anonymous_5)
DA:1,3
DA:2,3
DA:3,3
DA:7,3
DA:8,3
DA:17,3
DA:21,3
DA:28,33
DA:59,3
DA:60,16
DA:69,3
DA:70,4
DA:74,3
DA:75,3
DA:76,3
DA:77,3
DA:78,3
DA:79,3
DA:80,3
DA:84,3
DA:85,3
DA:86,15
DA:87,15
DA:92,0
LF:24
LH:23
BRDA:33,0,0,33
BRDA:33,0,1,26
BRDA:34,1,0,33
BRDA:34,1,1,31
BRDA:53,2,0,20
BRDA:53,2,1,13
BRDA:59,3,0,11
BRDA:70,4,0,4
BRDA:70,4,1,0
BRF:9
BRH:8
end_of_record
TN:
SF:src/lambdas/patients/src/config.ts
FN:4,(anonymous_0)
FNF:1
FNH:1
FNDA:3,(anonymous_0)
DA:1,3
DA:2,3
DA:4,3
DA:5,3
DA:14,3
LF:5
LH:5
BRDA:7,0,0,3
BRDA:7,0,1,0
BRDA:9,1,0,3
BRDA:9,1,1,0
BRDA:10,2,0,3
BRDA:10,2,1,0
BRF:6
BRH:3
end_of_record
TN:
SF:src/lambdas/patients/src/handler.ts
FN:25,jsonResponse
FN:33,verifyAuth
FN:45,(anonymous_2)
FNF:3
FNH:3
FNDA:33,jsonResponse
FNDA:8,verifyAuth
FNDA:33,(anonymous_2)
DA:2,3
DA:10,3
DA:11,3
DA:12,3
DA:13,3
DA:15,3
DA:16,3
DA:18,3
DA:21,3
DA:22,3
DA:26,33
DA:34,8
DA:35,8
DA:36,5
DA:37,5
DA:38,5
DA:39,5
DA:41,0
DA:45,3
DA:46,33
DA:47,33
DA:48,33
DA:49,33
DA:50,10
DA:51,10
DA:52,10
DA:54,8
DA:61,8
DA:62,1
DA:65,7
DA:66,7
DA:67,7
DA:68,7
DA:79,7
DA:80,7
DA:81,7
DA:84,23
DA:85,5
DA:86,5
DA:87,5
DA:89,3
DA:96,3
DA:97,3
DA:99,2
DA:100,2
DA:102,1
DA:103,1
DA:106,18
DA:107,3
DA:109,3
DA:110,3
DA:113,15
DA:114,3
DA:115,3
DA:116,1
DA:117,1
DA:118,1
DA:119,1
DA:124,1
DA:125,1
DA:128,12
DA:129,3
DA:130,3
DA:131,2
DA:137,2
DA:140,9
DA:141,9
DA:142,9
DA:143,9
DA:145,9
DA:146,4
DA:147,4
DA:148,3
DA:149,3
DA:150,3
DA:153,5
DA:154,0
DA:155,0
DA:156,0
DA:157,0
DA:158,0
DA:159,0
DA:160,0
DA:161,0
DA:162,0
DA:163,0
DA:164,0
DA:165,0
DA:166,0
DA:167,0
DA:169,0
DA:170,0
DA:171,0
DA:178,0
DA:181,5
DA:182,0
DA:183,0
DA:184,0
DA:185,0
DA:188,5
DA:189,3
DA:190,3
DA:191,2
DA:194,2
DA:195,2
DA:196,2
DA:197,1
DA:198,1
DA:203,1
DA:212,1
DA:216,0
DA:218,0
DA:219,0
LF:113
LH:87
BRDA:15,0,0,3
BRDA:15,0,1,0
BRDA:16,1,0,3
BRDA:16,1,1,0
BRDA:21,2,0,3
BRDA:34,3,0,8
BRDA:34,3,1,8
BRDA:34,4,0,0
BRDA:34,4,1,8
BRDA:34,5,0,8
BRDA:34,5,1,8
BRDA:34,6,0,0
BRDA:34,6,1,8
BRDA:34,7,0,8
BRDA:34,7,1,8
BRDA:35,8,0,3
BRDA:37,9,0,0
BRDA:46,10,0,33
BRDA:46,10,1,0
BRDA:46,10,2,0
BRDA:46,11,0,0
BRDA:46,11,1,0
BRDA:46,12,0,0
BRDA:46,12,1,0
BRDA:47,13,0,33
BRDA:47,13,1,0
BRDA:47,13,2,0
BRDA:47,14,0,0
BRDA:47,14,1,33
BRDA:47,15,0,33
BRDA:47,15,1,33
BRDA:47,16,0,0
BRDA:47,16,1,0
BRDA:47,17,0,0
BRDA:47,17,1,0
BRDA:47,18,0,0
BRDA:47,18,1,0
BRDA:47,19,0,0
BRDA:47,19,1,0
BRDA:47,20,0,0
BRDA:47,20,1,0
BRDA:47,21,0,0
BRDA:47,21,1,0
BRDA:47,22,0,0
BRDA:47,22,1,0
BRDA:47,23,0,0
BRDA:47,23,1,0
BRDA:49,24,0,10
BRDA:49,25,0,33
BRDA:49,25,1,10
BRDA:50,26,0,10
BRDA:50,26,1,0
BRDA:52,27,0,2
BRDA:52,28,0,10
BRDA:52,28,1,9
BRDA:61,29,0,1
BRDA:61,30,0,8
BRDA:61,30,1,0
BRDA:72,31,0,7
BRDA:72,31,1,1
BRDA:73,32,0,7
BRDA:73,32,1,1
BRDA:84,33,0,5
BRDA:84,34,0,23
BRDA:84,34,1,5
BRDA:85,35,0,5
BRDA:85,35,1,0
BRDA:87,36,0,2
BRDA:87,37,0,5
BRDA:87,37,1,4
BRDA:96,38,0,3
BRDA:96,38,1,0
BRDA:97,39,0,1
BRDA:100,40,0,1
BRDA:102,41,0,1
BRDA:102,41,1,0
BRDA:106,42,0,3
BRDA:106,43,0,18
BRDA:106,43,1,6
BRDA:110,44,0,3
BRDA:110,44,1,0
BRDA:113,45,0,3
BRDA:113,46,0,15
BRDA:113,46,1,3
BRDA:115,47,0,2
BRDA:115,48,0,3
BRDA:115,48,1,2
BRDA:116,49,0,1
BRDA:116,49,1,0
BRDA:128,50,0,3
BRDA:128,51,0,12
BRDA:128,51,1,3
BRDA:129,52,0,3
BRDA:129,52,1,1
BRDA:130,53,0,1
BRDA:137,54,0,2
BRDA:137,54,1,0
BRDA:141,55,0,9
BRDA:143,56,0,9
BRDA:143,56,1,4
BRDA:145,57,0,4
BRDA:145,58,0,9
BRDA:145,58,1,4
BRDA:147,59,0,1
BRDA:153,60,0,0
BRDA:153,61,0,5
BRDA:153,61,1,0
BRDA:155,62,0,0
BRDA:156,63,0,0
BRDA:156,63,1,0
BRDA:169,64,0,0
BRDA:181,65,0,0
BRDA:181,66,0,5
BRDA:181,66,1,0
BRDA:183,67,0,0
BRDA:183,68,0,0
BRDA:183,68,1,0
BRDA:188,69,0,3
BRDA:188,70,0,5
BRDA:188,70,1,3
BRDA:190,71,0,1
BRDA:191,72,0,2
BRDA:191,72,1,0
BRDA:194,73,0,2
BRDA:194,74,0,2
BRDA:194,74,1,2
BRDA:196,75,0,1
BRDA:197,76,0,1
BRDA:197,76,1,0
BRF:129
BRH:78
end_of_record
TN:
SF:src/lambdas/patients/tests/test-helpers.ts
FN:7,(anonymous_0)
FN:21,(anonymous_1)
FN:59,(anonymous_2)
FN:69,(anonymous_3)
FN:74,(anonymous_4)
FN:84,(anonymous_5)
FNF:6
FNH:6
FNDA:3,(anonymous_0)
FNDA:33,(anonymous_1)
FNDA:16,(anonymous_2)
FNDA:4,(anonymous_3)
FNDA:3,(anonymous_4)
FNDA:3,(anonymous_5)
DA:1,3
DA:2,3
DA:3,3
DA:7,3
DA:8,3
DA:17,3
DA:21,3
DA:28,33
DA:59,3
DA:60,16
DA:69,3
DA:70,4
DA:74,3
DA:75,3
DA:76,3
DA:77,3
DA:78,3
DA:79,3
DA:80,3
DA:84,3
DA:85,3
DA:86,15
DA:87,15
DA:92,0
LF:24
LH:23
BRDA:33,0,0,33
BRDA:33,0,1,26
BRDA:34,1,0,33
BRDA:34,1,1,31
BRDA:53,2,0,20
BRDA:53,2,1,13
BRDA:59,3,0,11
BRDA:70,4,0,4
BRDA:70,4,1,0
BRF:9
BRH:8
end_of_record
